#
# A fatal error has been detected by the Java Runtime Environment:
#
#  EXCEPTION_ACCESS_VIOLATION (0xc0000005) at pc=0x00007ff969a7b309, pid=12244, tid=2612
#
# JRE version: OpenJDK Runtime Environment Temurin-21.0.6+7 (21.0.6+7) (build 21.0.6+7-LTS)
# Java VM: OpenJDK 64-Bit Server VM Temurin-21.0.6+7 (21.0.6+7-LTS, mixed mode, sharing, tiered, compressed oops, compressed class ptrs, g1 gc, windows-amd64)
# Problematic frame:
# C  [awt.dll+0xdb309]
#
# No core dump will be written. Minidumps are not enabled by default on client versions of Windows
#
# If you would like to submit a bug report, please visit:
#   https://github.com/adoptium/adoptium-support/issues
# The crash happened outside the Java Virtual Machine in native code.
# See problematic frame for where to report the bug.
#

---------------  S U M M A R Y ------------

Command Line: -ea -agentlib:jdwp=transport=dt_shmem,address=javadebug -Dfile.encoding=UTF-8 bluej.runtime.ExecServer UTF-8

Host: Intel(R) Core(TM) i3-1005G1 CPU @ 1.20GHz, 4 cores, 7G,  Windows 10 , 64 bit Build 19041 (10.0.19041.1202)
Time: Wed Oct 29 12:27:10 2025 Hora padrão de GMT elapsed time: 219.429823 seconds (0d 0h 3m 39s)

---------------  T H R E A D  ---------------

Current thread (0x00000295d3b8fde0):  JavaThread "AWT-EventQueue-0"        [_thread_in_native, id=2612, stack(0x000000c2fa800000,0x000000c2fa900000) (1024K)]

Stack: [0x000000c2fa800000,0x000000c2fa900000],  sp=0x000000c2fa8fe870,  free space=1018k
Native frames: (J=compiled Java code, j=interpreted, Vv=VM code, C=native code)
C  [awt.dll+0xdb309]

Java frames: (J=compiled Java code, j=interpreted, Vv=VM code)
j  sun.awt.Win32GraphicsConfig.getBounds(I)Ljava/awt/Rectangle;+0 java.desktop@21.0.6
j  sun.awt.Win32GraphicsConfig.getBounds()Ljava/awt/Rectangle;+8 java.desktop@21.0.6
j  sun.awt.Win32GraphicsDevice.displayChanged()V+23 java.desktop@21.0.6
j  sun.awt.Win32GraphicsEnvironment.displayChanged()V+271 java.desktop@21.0.6
j  sun.awt.windows.WToolkit.lambda$displayChanged$4()V+15 java.desktop@21.0.6
j  sun.awt.windows.WToolkit$$Lambda+0x00000295d506ee20.run()V+0 java.desktop@21.0.6
j  java.awt.event.InvocationEvent.dispatch()V+47 java.desktop@21.0.6
j  java.awt.EventQueue.dispatchEventImpl(Ljava/awt/AWTEvent;Ljava/lang/Object;)V+21 java.desktop@21.0.6
j  java.awt.EventQueue$4.run()Ljava/lang/Void;+32 java.desktop@21.0.6
j  java.awt.EventQueue$4.run()Ljava/lang/Object;+1 java.desktop@21.0.6
j  java.security.AccessController.executePrivileged(Ljava/security/PrivilegedAction;Ljava/security/AccessControlContext;Ljava/lang/Class;)Ljava/lang/Object;+29 java.base@21.0.6
j  java.security.AccessController.doPrivileged(Ljava/security/PrivilegedAction;Ljava/security/AccessControlContext;)Ljava/lang/Object;+13 java.base@21.0.6
j  java.security.ProtectionDomain$JavaSecurityAccessImpl.doIntersectionPrivilege(Ljava/security/PrivilegedAction;Ljava/security/AccessControlContext;Ljava/security/AccessControlContext;)Ljava/lang/Object;+18 java.base@21.0.6
j  java.awt.EventQueue.dispatchEvent(Ljava/awt/AWTEvent;)V+46 java.desktop@21.0.6
j  java.awt.EventDispatchThread.pumpOneEventForFilters(I)V+81 java.desktop@21.0.6
j  java.awt.EventDispatchThread.pumpEventsForFilter(ILjava/awt/Conditional;Ljava/awt/EventFilter;)V+35 java.desktop@21.0.6
j  java.awt.EventDispatchThread.pumpEventsForHierarchy(ILjava/awt/Conditional;Ljava/awt/Component;)V+11 java.desktop@21.0.6
j  java.awt.EventDispatchThread.pumpEvents(ILjava/awt/Conditional;)V+4 java.desktop@21.0.6
j  java.awt.EventDispatchThread.pumpEvents(Ljava/awt/Conditional;)V+3 java.desktop@21.0.6
j  java.awt.EventDispatchThread.run()V+9 java.desktop@21.0.6
v  ~StubRoutines::call_stub 0x00000295c6bc10e7

siginfo: EXCEPTION_ACCESS_VIOLATION (0xc0000005), reading address 0x0000000000000028


Registers:
RAX=0x0000000000000000, RBX=0x00000295d3a66050, RCX=0x0000000000000000, RDX=0x0000000000000000
RSP=0x000000c2fa8fe870, RBP=0x0000000000000000, RSI=0x0000000000000000, RDI=0x0000000000000000
R8 =0x0000000000000001, R9 =0x0000000000000004, R10=0x00000295d3b8fce0, R11=0x0000029615252120
R12=0x0000000000000000, R13=0x00000295d3c3f200, R14=0x00000295d39dcf00, R15=0x0000000000000000
RIP=0x00007ff969a7b309, EFLAGS=0x0000000000010246

XMM[0]=0x0000000000000000 0x0000000000000000
XMM[1]=0x0000000000000000 0x000000c2fa8fe940
XMM[2]=0x0000000000000000 0x00000295b55172e0
XMM[3]=0x0000000000000009 0x0000000000000001
XMM[4]=0x0000000000000000 0x0000000000000000
XMM[5]=0x00000295d3b8fde0 0x00000295d3a63801
XMM[6]=0x0000000000000000 0x0000000000000000
XMM[7]=0x0000000000000000 0x0000000000000000
XMM[8]=0x0000000000000000 0x0000000000000000
XMM[9]=0x0000000000000000 0x0000000000000000
XMM[10]=0x0000000000000000 0x0000000000000000
XMM[11]=0x0000000000000000 0x0000000000000000
XMM[12]=0x0000000000000000 0x0000000000000000
XMM[13]=0x0000000000000000 0x0000000000000000
XMM[14]=0x0000000000000000 0x0000000000000000
XMM[15]=0x0000000000000000 0x0000000000000000
  MXCSR=0x00001fa0


Register to memory mapping:

RAX=0x0 is null
RBX=0x00000295d3a66050 points into unknown readable memory: 0x00000295d3db9290 | 90 92 db d3 95 02 00 00
RCX=0x0 is null
RDX=0x0 is null
RSP=0x000000c2fa8fe870 is pointing into the stack for thread: 0x00000295d3b8fde0
RBP=0x0 is null
RSI=0x0 is null
RDI=0x0 is null
R8 =0x0000000000000001 is an unknown value
R9 =0x0000000000000004 is an unknown value
R10=0x00000295d3b8fce0 points into unknown readable memory: 0x0000001e00000003 | 03 00 00 00 1e 00 00 00
R11={method} {0x0000029615252128} '<init>' '(IIII)V' in 'java/awt/Rectangle'
R12=0x0 is null
R13=0x00000295d3c3f200 points into unknown readable memory: 0x0000029615252120 | 20 21 25 15 96 02 00 00
R14=0x00000295d39dcf00 points into unknown readable memory: 0x000000008c103e00 | 00 3e 10 8c 00 00 00 00
R15=0x0 is null

Top of Stack: (sp=0x000000c2fa8fe870)
0x000000c2fa8fe870:   00007ff969ada848 00000295d3a66050
0x000000c2fa8fe880:   00000295d3a66050 0000000000000120
0x000000c2fa8fe890:   00000295d3b90198 00007ff969a7a698
0x000000c2fa8fe8a0:   00000295d3a66050 00000295d3a66050
0x000000c2fa8fe8b0:   0000000000000120 00000295d3b90198
0x000000c2fa8fe8c0:   000000008c101c30 00000296152415f8
0x000000c2fa8fe8d0:   0000000000000000 000000c2fa8fe8f0
0x000000c2fa8fe8e0:   0000000000000000 0000000000000000
0x000000c2fa8fe8f0:   0000942e3480babb 000000008c1025d8
0x000000c2fa8fe900:   00000295d3b8fde0 000000c2fa8fe9e8
0x000000c2fa8fe910:   000002961524d028 0000000000000000
0x000000c2fa8fe920:   0000000000000681 0000000000000120
0x000000c2fa8fe930:   000000c2fa8fe9c0 00000295c6bd08b6
0x000000c2fa8fe940:   000000c2fa8fe958 000002961524d028
0x000000c2fa8fe950:   00000295c6bc91b4 0000000000000000
0x000000c2fa8fe960:   000000008c1025d8 000000008c104398
0x000000c2fa8fe970:   000000008c104398 000000c2fa8fe978
0x000000c2fa8fe980:   0000000000000000 0000000000000005
0x000000c2fa8fe990:   000002961524f440 0000000000000000
0x000000c2fa8fe9a0:   000000008c103a38 000002961524d028
0x000000c2fa8fe9b0:   0000000000000000 000000c2fa8fe9e0
0x000000c2fa8fe9c0:   000000c2fa8fea38 00000295c6bc96b9
0x000000c2fa8fe9d0:   0000000000000000 00000295c6bcc6fa
0x000000c2fa8fe9e0:   0000000000000000 000000008c104398
0x000000c2fa8fe9f0:   000000c2fa8fe9f0 000002961524d0d0
0x000000c2fa8fea00:   0000000000000002 000002961524f440
0x000000c2fa8fea10:   0000000000000000 000000008c103a38
0x000000c2fa8fea20:   000002961524d0e8 000000c2fa8fe9e0
0x000000c2fa8fea30:   000000c2fa8fea48 000000c2fa8fea98
0x000000c2fa8fea40:   00000295c6bc96b9 000000008c104398
0x000000c2fa8fea50:   000000c2fa8fea50 000002961524144f
0x000000c2fa8fea60:   0000000000000003 0000029615242568 

Instructions: (pc=0x00007ff969a7b309)
0x00007ff969a7b209:   cc cc cc cc cc cc cc 48 89 5c 24 08 48 89 6c 24
0x00007ff969a7b219:   10 48 89 74 24 18 57 48 83 ec 20 41 8b f8 0f b6
0x00007ff969a7b229:   f2 48 8b e9 e8 1e cb f4 ff 48 8b d8 48 89 44 24
0x00007ff969a7b239:   48 41 b8 01 00 00 00 8b d7 48 8b c8 e8 76 ca f4
0x00007ff969a7b249:   ff 48 8b c8 44 0f b6 c6 48 8b d5 e8 97 fa ff ff
0x00007ff969a7b259:   48 8b f8 48 8b cb e8 ac cc f4 ff 90 48 8b c7 48
0x00007ff969a7b269:   8b 5c 24 30 48 8b 6c 24 38 48 8b 74 24 40 48 83
0x00007ff969a7b279:   c4 20 5f c3 cc cc cc 48 8b 49 28 e9 37 07 00 00
0x00007ff969a7b289:   cc cc cc cc cc cc cc 48 89 5c 24 08 57 48 83 ec
0x00007ff969a7b299:   20 8b f9 e8 af ca f4 ff 48 8b d8 48 89 44 24 38
0x00007ff969a7b2a9:   41 b8 01 00 00 00 8b d7 48 8b c8 e8 07 ca f4 ff
0x00007ff969a7b2b9:   48 8b 08 8b 39 48 8b cb e8 4a cc f4 ff 90 8b c7
0x00007ff969a7b2c9:   48 8b 5c 24 30 48 83 c4 20 5f c3 cc cc cc cc cc
0x00007ff969a7b2d9:   cc cc cc cc cc cc cc 48 89 5c 24 08 57 48 83 ec
0x00007ff969a7b2e9:   20 8b f9 e8 5f ca f4 ff 48 8b d8 48 89 44 24 38
0x00007ff969a7b2f9:   41 b8 01 00 00 00 8b d7 48 8b c8 e8 b7 c9 f4 ff
0x00007ff969a7b309:   48 8b 78 28 48 8b cb e8 fb cb f4 ff 90 48 8b c7
0x00007ff969a7b319:   48 8b 5c 24 30 48 83 c4 20 5f c3 cc cc cc cc cc
0x00007ff969a7b329:   cc cc cc cc cc cc cc 48 89 5c 24 08 57 48 83 ec
0x00007ff969a7b339:   20 8b f9 e8 0f ca f4 ff 48 8b d8 48 89 44 24 38
0x00007ff969a7b349:   41 b8 01 00 00 00 8b d7 48 8b c8 e8 67 c9 f4 ff
0x00007ff969a7b359:   48 8b 78 30 48 8b cb e8 ab cb f4 ff 90 48 8b c7
0x00007ff969a7b369:   48 8b 5c 24 30 48 83 c4 20 5f c3 cc cc cc cc cc
0x00007ff969a7b379:   cc cc cc cc cc cc cc 48 89 5c 24 08 57 48 83 ec
0x00007ff969a7b389:   20 8b f9 e8 bf c9 f4 ff 48 8b d8 48 89 44 24 38
0x00007ff969a7b399:   41 b8 01 00 00 00 8b d7 48 8b c8 e8 17 c9 f4 ff
0x00007ff969a7b3a9:   48 8b 78 08 48 85 ff 74 07 48 8b bf 08 0c 00 00
0x00007ff969a7b3b9:   48 8b cb e8 4f cb f4 ff 90 48 8b c7 48 8b 5c 24
0x00007ff969a7b3c9:   30 48 83 c4 20 5f c3 f3 0f 10 41 48 c3 cc cc cc
0x00007ff969a7b3d9:   cc cc cc cc cc cc cc f3 0f 10 41 4c c3 cc cc cc
0x00007ff969a7b3e9:   cc cc cc cc cc cc cc 48 89 5c 24 10 48 89 6c 24
0x00007ff969a7b3f9:   18 48 89 74 24 20 57 48 81 ec 20 01 00 00 48 8b 


Stack slot to memory mapping:

stack at sp + 0 slots: 0x00007ff969ada848 awt.dll
stack at sp + 1 slots: 0x00000295d3a66050 points into unknown readable memory: 0x00000295d3db9290 | 90 92 db d3 95 02 00 00
stack at sp + 2 slots: 0x00000295d3a66050 points into unknown readable memory: 0x00000295d3db9290 | 90 92 db d3 95 02 00 00
stack at sp + 3 slots: 0x0000000000000120 is an unknown value
stack at sp + 4 slots: 0x00000295d3b90198 points into unknown readable memory: 0x00007ff96befb7b0 | b0 b7 ef 6b f9 7f 00 00
stack at sp + 5 slots: 0x00007ff969a7a698 awt.dll
stack at sp + 6 slots: 0x00000295d3a66050 points into unknown readable memory: 0x00000295d3db9290 | 90 92 db d3 95 02 00 00
stack at sp + 7 slots: 0x00000295d3a66050 points into unknown readable memory: 0x00000295d3db9290 | 90 92 db d3 95 02 00 00


---------------  P R O C E S S  ---------------

Threads class SMR info:
_java_thread_list=0x00000295d3b8f7b0, length=20, elements={
0x00000295d3951bd0, 0x00000295d3953940, 0x00000295d3954630, 0x00000295d3955170,
0x00000295d3956cc0, 0x00000295d3957800, 0x00000295d3958670, 0x00000295d39c2ff0,
0x00000295d3a66560, 0x00000295d3a6b710, 0x00000295d3a71db0, 0x00000295d3a766e0,
0x00000295d3a78f10, 0x00000295d3d8fbb0, 0x00000295d3d99760, 0x00000295d3dbe270,
0x00000295d3dbe8d0, 0x00000295b5529390, 0x00000295d3d91460, 0x00000295d3b8fde0
}

Java Threads: ( => current thread )
  0x00000295d3951bd0 JavaThread "Reference Handler"          daemon [_thread_blocked, id=6680, stack(0x000000c2fb000000,0x000000c2fb100000) (1024K)]
  0x00000295d3953940 JavaThread "Finalizer"                  daemon [_thread_blocked, id=5996, stack(0x000000c2fb100000,0x000000c2fb200000) (1024K)]
  0x00000295d3954630 JavaThread "Signal Dispatcher"          daemon [_thread_blocked, id=8308, stack(0x000000c2fb200000,0x000000c2fb300000) (1024K)]
  0x00000295d3955170 JavaThread "Attach Listener"            daemon [_thread_blocked, id=11512, stack(0x000000c2fb300000,0x000000c2fb400000) (1024K)]
  0x00000295d3956cc0 JavaThread "Service Thread"             daemon [_thread_blocked, id=8456, stack(0x000000c2fb400000,0x000000c2fb500000) (1024K)]
  0x00000295d3957800 JavaThread "Monitor Deflation Thread"   daemon [_thread_blocked, id=8360, stack(0x000000c2fb500000,0x000000c2fb600000) (1024K)]
  0x00000295d3958670 JavaThread "C2 CompilerThread0"         daemon [_thread_blocked, id=9800, stack(0x000000c2fb600000,0x000000c2fb700000) (1024K)]
  0x00000295d39c2ff0 JavaThread "C1 CompilerThread0"         daemon [_thread_blocked, id=6116, stack(0x000000c2fb700000,0x000000c2fb800000) (1024K)]
  0x00000295d3a66560 JavaThread "JDWP Transport Listener: dt_shmem" daemon [_thread_blocked, id=1564, stack(0x000000c2fb800000,0x000000c2fb900000) (1024K)]
  0x00000295d3a6b710 JavaThread "JDWP Event Helper Thread"   daemon [_thread_blocked, id=8964, stack(0x000000c2fb900000,0x000000c2fba00000) (1024K)]
  0x00000295d3a71db0 JavaThread "JDWP Command Reader"        daemon [_thread_in_native, id=6728, stack(0x000000c2fba00000,0x000000c2fbb00000) (1024K)]
  0x00000295d3a766e0 JavaThread "Notification Thread"        daemon [_thread_blocked, id=12200, stack(0x000000c2fbb00000,0x000000c2fbc00000) (1024K)]
  0x00000295d3a78f10 JavaThread "Common-Cleaner"             daemon [_thread_blocked, id=9240, stack(0x000000c2fbc00000,0x000000c2fbd00000) (1024K)]
  0x00000295d3d8fbb0 JavaThread "Java2D Disposer"            daemon [_thread_blocked, id=7184, stack(0x000000c2fbd00000,0x000000c2fbe00000) (1024K)]
  0x00000295d3d99760 JavaThread "AWT-Windows"                daemon [_thread_in_native, id=2472, stack(0x000000c2fbf00000,0x000000c2fc000000) (1024K)]
  0x00000295d3dbe270 JavaThread "main"                              [_thread_blocked, id=9524, stack(0x000000c2fc000000,0x000000c2fc100000) (1024K)]
  0x00000295d3dbe8d0 JavaThread "BlueJ worker thread"               [_thread_blocked, id=6948, stack(0x000000c2fc100000,0x000000c2fc200000) (1024K)]
  0x00000295b5529390 JavaThread "DestroyJavaVM"                     [_thread_blocked, id=6432, stack(0x000000c2fa700000,0x000000c2fa800000) (1024K)]
  0x00000295d3d91460 JavaThread "AWT-Shutdown"                      [_thread_blocked, id=3492, stack(0x000000c2fa600000,0x000000c2fa700000) (1024K)]
=>0x00000295d3b8fde0 JavaThread "AWT-EventQueue-0"                  [_thread_in_native, id=2612, stack(0x000000c2fa800000,0x000000c2fa900000) (1024K)]
Total: 20

Other Threads:
  0x00000295d3931e30 VMThread "VM Thread"                           [id=9384, stack(0x000000c2faf00000,0x000000c2fb000000) (1024K)]
  0x00000295d3920ab0 WatcherThread "VM Periodic Task Thread"        [id=7564, stack(0x000000c2fae00000,0x000000c2faf00000) (1024K)]
  0x00000295b56fa520 WorkerThread "GC Thread#0"                     [id=6568, stack(0x000000c2fa900000,0x000000c2faa00000) (1024K)]
  0x00000295b570ab80 ConcurrentGCThread "G1 Main Marker"            [id=3968, stack(0x000000c2faa00000,0x000000c2fab00000) (1024K)]
  0x00000295b570b830 WorkerThread "G1 Conc#0"                       [id=6704, stack(0x000000c2fab00000,0x000000c2fac00000) (1024K)]
  0x00000295b577ea30 ConcurrentGCThread "G1 Refine#0"               [id=7824, stack(0x000000c2fac00000,0x000000c2fad00000) (1024K)]
  0x00000295d37f48c0 ConcurrentGCThread "G1 Service"                [id=11504, stack(0x000000c2fad00000,0x000000c2fae00000) (1024K)]
Total: 7

Threads with active compile tasks:
Total: 0

VM state: not at safepoint (normal execution)

VM Mutex/Monitor currently owned by a thread: None

Heap address: 0x0000000084c00000, size: 1972 MB, Compressed Oops mode: 32-bit

CDS archive(s) mapped at: [0x00000295d4000000-0x00000295d4c80000-0x00000295d4c80000), size 13107200, SharedBaseAddress: 0x00000295d4000000, ArchiveRelocationMode: 1.
Compressed class space mapped at: 0x00000295d5000000-0x0000029615000000, reserved size: 1073741824
Narrow klass base: 0x00000295d4000000, Narrow klass shift: 0, Narrow klass range: 0x100000000

GC Precious Log:
 CardTable entry size: 512
 Card Set container configuration: InlinePtr #cards 5 size 8 Array Of Cards #cards 12 size 40 Howl #buckets 4 coarsen threshold 1843 Howl Bitmap #cards 512 size 80 coarsen threshold 460 Card regions per heap region 1 cards per card region 2048
 CPUs: 4 total, 4 available
 Memory: 7880M
 Large Page Support: Disabled
 NUMA Support: Disabled
 Compressed Oops: Enabled (32-bit)
 Heap Region Size: 1M
 Heap Min Capacity: 8M
 Heap Initial Capacity: 124M
 Heap Max Capacity: 1972M
 Pre-touch: Disabled
 Parallel Workers: 4
 Concurrent Workers: 1
 Concurrent Refinement Workers: 4
 Periodic GC: Disabled

Heap:
 garbage-first heap   total 126976K, used 6144K [0x0000000084c00000, 0x0000000100000000)
  region size 1024K, 7 young (7168K), 0 survivors (0K)
 Metaspace       used 2756K, committed 2880K, reserved 1114112K
  class space    used 252K, committed 320K, reserved 1048576K

Heap Regions: E=young(eden), S=young(survivor), O=old, HS=humongous(starts), HC=humongous(continues), CS=collection set, F=free, TAMS=top-at-mark-start, PB=parsable bottom
|   0|0x0000000084c00000, 0x0000000084c00000, 0x0000000084d00000|  0%| F|  |TAMS 0x0000000084c00000| PB 0x0000000084c00000| Untracked 
|   1|0x0000000084d00000, 0x0000000084d00000, 0x0000000084e00000|  0%| F|  |TAMS 0x0000000084d00000| PB 0x0000000084d00000| Untracked 
|   2|0x0000000084e00000, 0x0000000084e00000, 0x0000000084f00000|  0%| F|  |TAMS 0x0000000084e00000| PB 0x0000000084e00000| Untracked 
|   3|0x0000000084f00000, 0x0000000084f00000, 0x0000000085000000|  0%| F|  |TAMS 0x0000000084f00000| PB 0x0000000084f00000| Untracked 
|   4|0x0000000085000000, 0x0000000085000000, 0x0000000085100000|  0%| F|  |TAMS 0x0000000085000000| PB 0x0000000085000000| Untracked 
|   5|0x0000000085100000, 0x0000000085100000, 0x0000000085200000|  0%| F|  |TAMS 0x0000000085100000| PB 0x0000000085100000| Untracked 
|   6|0x0000000085200000, 0x0000000085200000, 0x0000000085300000|  0%| F|  |TAMS 0x0000000085200000| PB 0x0000000085200000| Untracked 
|   7|0x0000000085300000, 0x0000000085300000, 0x0000000085400000|  0%| F|  |TAMS 0x0000000085300000| PB 0x0000000085300000| Untracked 
|   8|0x0000000085400000, 0x0000000085400000, 0x0000000085500000|  0%| F|  |TAMS 0x0000000085400000| PB 0x0000000085400000| Untracked 
|   9|0x0000000085500000, 0x0000000085500000, 0x0000000085600000|  0%| F|  |TAMS 0x0000000085500000| PB 0x0000000085500000| Untracked 
|  10|0x0000000085600000, 0x0000000085600000, 0x0000000085700000|  0%| F|  |TAMS 0x0000000085600000| PB 0x0000000085600000| Untracked 
|  11|0x0000000085700000, 0x0000000085700000, 0x0000000085800000|  0%| F|  |TAMS 0x0000000085700000| PB 0x0000000085700000| Untracked 
|  12|0x0000000085800000, 0x0000000085800000, 0x0000000085900000|  0%| F|  |TAMS 0x0000000085800000| PB 0x0000000085800000| Untracked 
|  13|0x0000000085900000, 0x0000000085900000, 0x0000000085a00000|  0%| F|  |TAMS 0x0000000085900000| PB 0x0000000085900000| Untracked 
|  14|0x0000000085a00000, 0x0000000085a00000, 0x0000000085b00000|  0%| F|  |TAMS 0x0000000085a00000| PB 0x0000000085a00000| Untracked 
|  15|0x0000000085b00000, 0x0000000085b00000, 0x0000000085c00000|  0%| F|  |TAMS 0x0000000085b00000| PB 0x0000000085b00000| Untracked 
|  16|0x0000000085c00000, 0x0000000085c00000, 0x0000000085d00000|  0%| F|  |TAMS 0x0000000085c00000| PB 0x0000000085c00000| Untracked 
|  17|0x0000000085d00000, 0x0000000085d00000, 0x0000000085e00000|  0%| F|  |TAMS 0x0000000085d00000| PB 0x0000000085d00000| Untracked 
|  18|0x0000000085e00000, 0x0000000085e00000, 0x0000000085f00000|  0%| F|  |TAMS 0x0000000085e00000| PB 0x0000000085e00000| Untracked 
|  19|0x0000000085f00000, 0x0000000085f00000, 0x0000000086000000|  0%| F|  |TAMS 0x0000000085f00000| PB 0x0000000085f00000| Untracked 
|  20|0x0000000086000000, 0x0000000086000000, 0x0000000086100000|  0%| F|  |TAMS 0x0000000086000000| PB 0x0000000086000000| Untracked 
|  21|0x0000000086100000, 0x0000000086100000, 0x0000000086200000|  0%| F|  |TAMS 0x0000000086100000| PB 0x0000000086100000| Untracked 
|  22|0x0000000086200000, 0x0000000086200000, 0x0000000086300000|  0%| F|  |TAMS 0x0000000086200000| PB 0x0000000086200000| Untracked 
|  23|0x0000000086300000, 0x0000000086300000, 0x0000000086400000|  0%| F|  |TAMS 0x0000000086300000| PB 0x0000000086300000| Untracked 
|  24|0x0000000086400000, 0x0000000086400000, 0x0000000086500000|  0%| F|  |TAMS 0x0000000086400000| PB 0x0000000086400000| Untracked 
|  25|0x0000000086500000, 0x0000000086500000, 0x0000000086600000|  0%| F|  |TAMS 0x0000000086500000| PB 0x0000000086500000| Untracked 
|  26|0x0000000086600000, 0x0000000086600000, 0x0000000086700000|  0%| F|  |TAMS 0x0000000086600000| PB 0x0000000086600000| Untracked 
|  27|0x0000000086700000, 0x0000000086700000, 0x0000000086800000|  0%| F|  |TAMS 0x0000000086700000| PB 0x0000000086700000| Untracked 
|  28|0x0000000086800000, 0x0000000086800000, 0x0000000086900000|  0%| F|  |TAMS 0x0000000086800000| PB 0x0000000086800000| Untracked 
|  29|0x0000000086900000, 0x0000000086900000, 0x0000000086a00000|  0%| F|  |TAMS 0x0000000086900000| PB 0x0000000086900000| Untracked 
|  30|0x0000000086a00000, 0x0000000086a00000, 0x0000000086b00000|  0%| F|  |TAMS 0x0000000086a00000| PB 0x0000000086a00000| Untracked 
|  31|0x0000000086b00000, 0x0000000086b00000, 0x0000000086c00000|  0%| F|  |TAMS 0x0000000086b00000| PB 0x0000000086b00000| Untracked 
|  32|0x0000000086c00000, 0x0000000086c00000, 0x0000000086d00000|  0%| F|  |TAMS 0x0000000086c00000| PB 0x0000000086c00000| Untracked 
|  33|0x0000000086d00000, 0x0000000086d00000, 0x0000000086e00000|  0%| F|  |TAMS 0x0000000086d00000| PB 0x0000000086d00000| Untracked 
|  34|0x0000000086e00000, 0x0000000086e00000, 0x0000000086f00000|  0%| F|  |TAMS 0x0000000086e00000| PB 0x0000000086e00000| Untracked 
|  35|0x0000000086f00000, 0x0000000086f00000, 0x0000000087000000|  0%| F|  |TAMS 0x0000000086f00000| PB 0x0000000086f00000| Untracked 
|  36|0x0000000087000000, 0x0000000087000000, 0x0000000087100000|  0%| F|  |TAMS 0x0000000087000000| PB 0x0000000087000000| Untracked 
|  37|0x0000000087100000, 0x0000000087100000, 0x0000000087200000|  0%| F|  |TAMS 0x0000000087100000| PB 0x0000000087100000| Untracked 
|  38|0x0000000087200000, 0x0000000087200000, 0x0000000087300000|  0%| F|  |TAMS 0x0000000087200000| PB 0x0000000087200000| Untracked 
|  39|0x0000000087300000, 0x0000000087300000, 0x0000000087400000|  0%| F|  |TAMS 0x0000000087300000| PB 0x0000000087300000| Untracked 
|  40|0x0000000087400000, 0x0000000087400000, 0x0000000087500000|  0%| F|  |TAMS 0x0000000087400000| PB 0x0000000087400000| Untracked 
|  41|0x0000000087500000, 0x0000000087500000, 0x0000000087600000|  0%| F|  |TAMS 0x0000000087500000| PB 0x0000000087500000| Untracked 
|  42|0x0000000087600000, 0x0000000087600000, 0x0000000087700000|  0%| F|  |TAMS 0x0000000087600000| PB 0x0000000087600000| Untracked 
|  43|0x0000000087700000, 0x0000000087700000, 0x0000000087800000|  0%| F|  |TAMS 0x0000000087700000| PB 0x0000000087700000| Untracked 
|  44|0x0000000087800000, 0x0000000087800000, 0x0000000087900000|  0%| F|  |TAMS 0x0000000087800000| PB 0x0000000087800000| Untracked 
|  45|0x0000000087900000, 0x0000000087900000, 0x0000000087a00000|  0%| F|  |TAMS 0x0000000087900000| PB 0x0000000087900000| Untracked 
|  46|0x0000000087a00000, 0x0000000087a00000, 0x0000000087b00000|  0%| F|  |TAMS 0x0000000087a00000| PB 0x0000000087a00000| Untracked 
|  47|0x0000000087b00000, 0x0000000087b00000, 0x0000000087c00000|  0%| F|  |TAMS 0x0000000087b00000| PB 0x0000000087b00000| Untracked 
|  48|0x0000000087c00000, 0x0000000087c00000, 0x0000000087d00000|  0%| F|  |TAMS 0x0000000087c00000| PB 0x0000000087c00000| Untracked 
|  49|0x0000000087d00000, 0x0000000087d00000, 0x0000000087e00000|  0%| F|  |TAMS 0x0000000087d00000| PB 0x0000000087d00000| Untracked 
|  50|0x0000000087e00000, 0x0000000087e00000, 0x0000000087f00000|  0%| F|  |TAMS 0x0000000087e00000| PB 0x0000000087e00000| Untracked 
|  51|0x0000000087f00000, 0x0000000087f00000, 0x0000000088000000|  0%| F|  |TAMS 0x0000000087f00000| PB 0x0000000087f00000| Untracked 
|  52|0x0000000088000000, 0x0000000088000000, 0x0000000088100000|  0%| F|  |TAMS 0x0000000088000000| PB 0x0000000088000000| Untracked 
|  53|0x0000000088100000, 0x0000000088100000, 0x0000000088200000|  0%| F|  |TAMS 0x0000000088100000| PB 0x0000000088100000| Untracked 
|  54|0x0000000088200000, 0x0000000088200000, 0x0000000088300000|  0%| F|  |TAMS 0x0000000088200000| PB 0x0000000088200000| Untracked 
|  55|0x0000000088300000, 0x0000000088300000, 0x0000000088400000|  0%| F|  |TAMS 0x0000000088300000| PB 0x0000000088300000| Untracked 
|  56|0x0000000088400000, 0x0000000088400000, 0x0000000088500000|  0%| F|  |TAMS 0x0000000088400000| PB 0x0000000088400000| Untracked 
|  57|0x0000000088500000, 0x0000000088500000, 0x0000000088600000|  0%| F|  |TAMS 0x0000000088500000| PB 0x0000000088500000| Untracked 
|  58|0x0000000088600000, 0x0000000088600000, 0x0000000088700000|  0%| F|  |TAMS 0x0000000088600000| PB 0x0000000088600000| Untracked 
|  59|0x0000000088700000, 0x0000000088700000, 0x0000000088800000|  0%| F|  |TAMS 0x0000000088700000| PB 0x0000000088700000| Untracked 
|  60|0x0000000088800000, 0x0000000088800000, 0x0000000088900000|  0%| F|  |TAMS 0x0000000088800000| PB 0x0000000088800000| Untracked 
|  61|0x0000000088900000, 0x0000000088900000, 0x0000000088a00000|  0%| F|  |TAMS 0x0000000088900000| PB 0x0000000088900000| Untracked 
|  62|0x0000000088a00000, 0x0000000088a00000, 0x0000000088b00000|  0%| F|  |TAMS 0x0000000088a00000| PB 0x0000000088a00000| Untracked 
|  63|0x0000000088b00000, 0x0000000088b00000, 0x0000000088c00000|  0%| F|  |TAMS 0x0000000088b00000| PB 0x0000000088b00000| Untracked 
|  64|0x0000000088c00000, 0x0000000088c00000, 0x0000000088d00000|  0%| F|  |TAMS 0x0000000088c00000| PB 0x0000000088c00000| Untracked 
|  65|0x0000000088d00000, 0x0000000088d00000, 0x0000000088e00000|  0%| F|  |TAMS 0x0000000088d00000| PB 0x0000000088d00000| Untracked 
|  66|0x0000000088e00000, 0x0000000088e00000, 0x0000000088f00000|  0%| F|  |TAMS 0x0000000088e00000| PB 0x0000000088e00000| Untracked 
|  67|0x0000000088f00000, 0x0000000088f00000, 0x0000000089000000|  0%| F|  |TAMS 0x0000000088f00000| PB 0x0000000088f00000| Untracked 
|  68|0x0000000089000000, 0x0000000089000000, 0x0000000089100000|  0%| F|  |TAMS 0x0000000089000000| PB 0x0000000089000000| Untracked 
|  69|0x0000000089100000, 0x0000000089100000, 0x0000000089200000|  0%| F|  |TAMS 0x0000000089100000| PB 0x0000000089100000| Untracked 
|  70|0x0000000089200000, 0x0000000089200000, 0x0000000089300000|  0%| F|  |TAMS 0x0000000089200000| PB 0x0000000089200000| Untracked 
|  71|0x0000000089300000, 0x0000000089300000, 0x0000000089400000|  0%| F|  |TAMS 0x0000000089300000| PB 0x0000000089300000| Untracked 
|  72|0x0000000089400000, 0x0000000089400000, 0x0000000089500000|  0%| F|  |TAMS 0x0000000089400000| PB 0x0000000089400000| Untracked 
|  73|0x0000000089500000, 0x0000000089500000, 0x0000000089600000|  0%| F|  |TAMS 0x0000000089500000| PB 0x0000000089500000| Untracked 
|  74|0x0000000089600000, 0x0000000089600000, 0x0000000089700000|  0%| F|  |TAMS 0x0000000089600000| PB 0x0000000089600000| Untracked 
|  75|0x0000000089700000, 0x0000000089700000, 0x0000000089800000|  0%| F|  |TAMS 0x0000000089700000| PB 0x0000000089700000| Untracked 
|  76|0x0000000089800000, 0x0000000089800000, 0x0000000089900000|  0%| F|  |TAMS 0x0000000089800000| PB 0x0000000089800000| Untracked 
|  77|0x0000000089900000, 0x0000000089900000, 0x0000000089a00000|  0%| F|  |TAMS 0x0000000089900000| PB 0x0000000089900000| Untracked 
|  78|0x0000000089a00000, 0x0000000089a00000, 0x0000000089b00000|  0%| F|  |TAMS 0x0000000089a00000| PB 0x0000000089a00000| Untracked 
|  79|0x0000000089b00000, 0x0000000089b00000, 0x0000000089c00000|  0%| F|  |TAMS 0x0000000089b00000| PB 0x0000000089b00000| Untracked 
|  80|0x0000000089c00000, 0x0000000089c00000, 0x0000000089d00000|  0%| F|  |TAMS 0x0000000089c00000| PB 0x0000000089c00000| Untracked 
|  81|0x0000000089d00000, 0x0000000089d00000, 0x0000000089e00000|  0%| F|  |TAMS 0x0000000089d00000| PB 0x0000000089d00000| Untracked 
|  82|0x0000000089e00000, 0x0000000089e00000, 0x0000000089f00000|  0%| F|  |TAMS 0x0000000089e00000| PB 0x0000000089e00000| Untracked 
|  83|0x0000000089f00000, 0x0000000089f00000, 0x000000008a000000|  0%| F|  |TAMS 0x0000000089f00000| PB 0x0000000089f00000| Untracked 
|  84|0x000000008a000000, 0x000000008a000000, 0x000000008a100000|  0%| F|  |TAMS 0x000000008a000000| PB 0x000000008a000000| Untracked 
|  85|0x000000008a100000, 0x000000008a100000, 0x000000008a200000|  0%| F|  |TAMS 0x000000008a100000| PB 0x000000008a100000| Untracked 
|  86|0x000000008a200000, 0x000000008a200000, 0x000000008a300000|  0%| F|  |TAMS 0x000000008a200000| PB 0x000000008a200000| Untracked 
|  87|0x000000008a300000, 0x000000008a300000, 0x000000008a400000|  0%| F|  |TAMS 0x000000008a300000| PB 0x000000008a300000| Untracked 
|  88|0x000000008a400000, 0x000000008a400000, 0x000000008a500000|  0%| F|  |TAMS 0x000000008a400000| PB 0x000000008a400000| Untracked 
|  89|0x000000008a500000, 0x000000008a500000, 0x000000008a600000|  0%| F|  |TAMS 0x000000008a500000| PB 0x000000008a500000| Untracked 
|  90|0x000000008a600000, 0x000000008a600000, 0x000000008a700000|  0%| F|  |TAMS 0x000000008a600000| PB 0x000000008a600000| Untracked 
|  91|0x000000008a700000, 0x000000008a700000, 0x000000008a800000|  0%| F|  |TAMS 0x000000008a700000| PB 0x000000008a700000| Untracked 
|  92|0x000000008a800000, 0x000000008a800000, 0x000000008a900000|  0%| F|  |TAMS 0x000000008a800000| PB 0x000000008a800000| Untracked 
|  93|0x000000008a900000, 0x000000008a900000, 0x000000008aa00000|  0%| F|  |TAMS 0x000000008a900000| PB 0x000000008a900000| Untracked 
|  94|0x000000008aa00000, 0x000000008aa00000, 0x000000008ab00000|  0%| F|  |TAMS 0x000000008aa00000| PB 0x000000008aa00000| Untracked 
|  95|0x000000008ab00000, 0x000000008ab00000, 0x000000008ac00000|  0%| F|  |TAMS 0x000000008ab00000| PB 0x000000008ab00000| Untracked 
|  96|0x000000008ac00000, 0x000000008ac00000, 0x000000008ad00000|  0%| F|  |TAMS 0x000000008ac00000| PB 0x000000008ac00000| Untracked 
|  97|0x000000008ad00000, 0x000000008ad00000, 0x000000008ae00000|  0%| F|  |TAMS 0x000000008ad00000| PB 0x000000008ad00000| Untracked 
|  98|0x000000008ae00000, 0x000000008ae00000, 0x000000008af00000|  0%| F|  |TAMS 0x000000008ae00000| PB 0x000000008ae00000| Untracked 
|  99|0x000000008af00000, 0x000000008af00000, 0x000000008b000000|  0%| F|  |TAMS 0x000000008af00000| PB 0x000000008af00000| Untracked 
| 100|0x000000008b000000, 0x000000008b000000, 0x000000008b100000|  0%| F|  |TAMS 0x000000008b000000| PB 0x000000008b000000| Untracked 
| 101|0x000000008b100000, 0x000000008b100000, 0x000000008b200000|  0%| F|  |TAMS 0x000000008b100000| PB 0x000000008b100000| Untracked 
| 102|0x000000008b200000, 0x000000008b200000, 0x000000008b300000|  0%| F|  |TAMS 0x000000008b200000| PB 0x000000008b200000| Untracked 
| 103|0x000000008b300000, 0x000000008b300000, 0x000000008b400000|  0%| F|  |TAMS 0x000000008b300000| PB 0x000000008b300000| Untracked 
| 104|0x000000008b400000, 0x000000008b400000, 0x000000008b500000|  0%| F|  |TAMS 0x000000008b400000| PB 0x000000008b400000| Untracked 
| 105|0x000000008b500000, 0x000000008b500000, 0x000000008b600000|  0%| F|  |TAMS 0x000000008b500000| PB 0x000000008b500000| Untracked 
| 106|0x000000008b600000, 0x000000008b600000, 0x000000008b700000|  0%| F|  |TAMS 0x000000008b600000| PB 0x000000008b600000| Untracked 
| 107|0x000000008b700000, 0x000000008b700000, 0x000000008b800000|  0%| F|  |TAMS 0x000000008b700000| PB 0x000000008b700000| Untracked 
| 108|0x000000008b800000, 0x000000008b800000, 0x000000008b900000|  0%| F|  |TAMS 0x000000008b800000| PB 0x000000008b800000| Untracked 
| 109|0x000000008b900000, 0x000000008b900000, 0x000000008ba00000|  0%| F|  |TAMS 0x000000008b900000| PB 0x000000008b900000| Untracked 
| 110|0x000000008ba00000, 0x000000008ba00000, 0x000000008bb00000|  0%| F|  |TAMS 0x000000008ba00000| PB 0x000000008ba00000| Untracked 
| 111|0x000000008bb00000, 0x000000008bb00000, 0x000000008bc00000|  0%| F|  |TAMS 0x000000008bb00000| PB 0x000000008bb00000| Untracked 
| 112|0x000000008bc00000, 0x000000008bc00000, 0x000000008bd00000|  0%| F|  |TAMS 0x000000008bc00000| PB 0x000000008bc00000| Untracked 
| 113|0x000000008bd00000, 0x000000008bd00000, 0x000000008be00000|  0%| F|  |TAMS 0x000000008bd00000| PB 0x000000008bd00000| Untracked 
| 114|0x000000008be00000, 0x000000008be00000, 0x000000008bf00000|  0%| F|  |TAMS 0x000000008be00000| PB 0x000000008be00000| Untracked 
| 115|0x000000008bf00000, 0x000000008bf00000, 0x000000008c000000|  0%| F|  |TAMS 0x000000008bf00000| PB 0x000000008bf00000| Untracked 
| 116|0x000000008c000000, 0x000000008c000000, 0x000000008c100000|  0%| F|  |TAMS 0x000000008c000000| PB 0x000000008c000000| Untracked 
| 117|0x000000008c100000, 0x000000008c142960, 0x000000008c200000| 26%| E|  |TAMS 0x000000008c100000| PB 0x000000008c100000| Complete 
| 118|0x000000008c200000, 0x000000008c300000, 0x000000008c300000|100%| E|CS|TAMS 0x000000008c200000| PB 0x000000008c200000| Complete 
| 119|0x000000008c300000, 0x000000008c400000, 0x000000008c400000|100%| E|CS|TAMS 0x000000008c300000| PB 0x000000008c300000| Complete 
| 120|0x000000008c400000, 0x000000008c500000, 0x000000008c500000|100%| E|CS|TAMS 0x000000008c400000| PB 0x000000008c400000| Complete 
| 121|0x000000008c500000, 0x000000008c600000, 0x000000008c600000|100%| E|CS|TAMS 0x000000008c500000| PB 0x000000008c500000| Complete 
| 122|0x000000008c600000, 0x000000008c700000, 0x000000008c700000|100%| E|CS|TAMS 0x000000008c600000| PB 0x000000008c600000| Complete 
| 123|0x000000008c700000, 0x000000008c800000, 0x000000008c800000|100%| E|CS|TAMS 0x000000008c700000| PB 0x000000008c700000| Complete 

Card table byte_map: [0x00000295cf0a0000,0x00000295cf480000] _byte_map_base: 0x00000295cec7a000

Marking Bits: (CMBitMap*) 0x00000295b56fac20
 Bits: [0x00000295cf480000, 0x00000295d1350000)

Polling page: 0x00000295b5780000

Metaspace:

Usage:
  Non-class:      2.44 MB used.
      Class:    252.52 KB used.
       Both:      2.69 MB used.

Virtual space:
  Non-class space:       64.00 MB reserved,       2.50 MB (  4%) committed,  1 nodes.
      Class space:        1.00 GB reserved,     320.00 KB ( <1%) committed,  1 nodes.
             Both:        1.06 GB reserved,       2.81 MB ( <1%) committed. 

Chunk freelists:
   Non-Class:  11.88 MB
       Class:  15.70 MB
        Both:  27.58 MB

MaxMetaspaceSize: unlimited
CompressedClassSpaceSize: 1.00 GB
Initial GC threshold: 21.00 MB
Current GC threshold: 21.00 MB
CDS: on
 - commit_granule_bytes: 65536.
 - commit_granule_words: 8192.
 - virtual_space_node_default_size: 8388608.
 - enlarge_chunks_in_place: 1.
 - use_allocation_guard: 0.


Internal statistics:

num_allocs_failed_limit: 0.
num_arena_births: 90.
num_arena_deaths: 0.
num_vsnodes_births: 2.
num_vsnodes_deaths: 0.
num_space_committed: 45.
num_space_uncommitted: 0.
num_chunks_returned_to_freelist: 0.
num_chunks_taken_from_freelist: 107.
num_chunk_merges: 0.
num_chunk_splits: 69.
num_chunks_enlarged: 32.
num_inconsistent_stats: 0.

CodeHeap 'non-profiled nmethods': size=120000Kb used=149Kb max_used=149Kb free=119850Kb
 bounds [0x00000295c7160000, 0x00000295c73d0000, 0x00000295ce690000]
CodeHeap 'profiled nmethods': size=120000Kb used=562Kb max_used=562Kb free=119437Kb
 bounds [0x00000295bf690000, 0x00000295bf900000, 0x00000295c6bc0000]
CodeHeap 'non-nmethods': size=5760Kb used=1588Kb max_used=1594Kb free=4171Kb
 bounds [0x00000295c6bc0000, 0x00000295c6e30000, 0x00000295c7160000]
 total_blobs=884 nmethods=400 adapters=389
 compilation: enabled
              stopped_count=0, restarted_count=0
 full_count=0

Compilation events (20 events):
Event: 2.099 Thread 0x00000295d39c2ff0  388       3       java.lang.invoke.MemberName::getInvocationType (56 bytes)
Event: 2.099 Thread 0x00000295d39c2ff0 nmethod 388 0x00000295bf715990 code [0x00000295bf715bc0, 0x00000295bf716428]
Event: 2.099 Thread 0x00000295d39c2ff0  389       1       java.lang.Class::getModule (5 bytes)
Event: 2.099 Thread 0x00000295d39c2ff0 nmethod 389 0x00000295c7184510 code [0x00000295c71846a0, 0x00000295c7184768]
Event: 2.110 Thread 0x00000295d39c2ff0  392       3       java.lang.String::startsWith (123 bytes)
Event: 2.110 Thread 0x00000295d39c2ff0 nmethod 392 0x00000295bf716690 code [0x00000295bf7168c0, 0x00000295bf717068]
Event: 2.110 Thread 0x00000295d39c2ff0  391       1       java.net.URL::getHost (5 bytes)
Event: 2.110 Thread 0x00000295d39c2ff0 nmethod 391 0x00000295c7184b10 code [0x00000295c7184ca0, 0x00000295c7184d68]
Event: 2.110 Thread 0x00000295d39c2ff0  393       3       java.lang.String::startsWith (7 bytes)
Event: 2.111 Thread 0x00000295d39c2ff0 nmethod 393 0x00000295bf717310 code [0x00000295bf7174c0, 0x00000295bf717618]
Event: 218.878 Thread 0x00000295d39c2ff0  394       3       java.util.HashMap::isEmpty (13 bytes)
Event: 218.878 Thread 0x00000295d39c2ff0 nmethod 394 0x00000295bf717710 code [0x00000295bf7178a0, 0x00000295bf717a00]
Event: 219.094 Thread 0x00000295d39c2ff0  397       3       java.lang.String::<init> (99 bytes)
Event: 219.096 Thread 0x00000295d39c2ff0 nmethod 397 0x00000295bf717a90 code [0x00000295bf717ea0, 0x00000295bf7199a0]
Event: 219.096 Thread 0x00000295d39c2ff0  398       3       java.lang.invoke.MethodHandle::<init> (37 bytes)
Event: 219.096 Thread 0x00000295d39c2ff0 nmethod 398 0x00000295bf71a310 code [0x00000295bf71a540, 0x00000295bf71aad0]
Event: 219.096 Thread 0x00000295d39c2ff0  400       3       java.util.concurrent.ConcurrentHashMap$Traverser::advance (188 bytes)
Event: 219.097 Thread 0x00000295d39c2ff0 nmethod 400 0x00000295bf71ad90 code [0x00000295bf71afe0, 0x00000295bf71bb50]
Event: 219.097 Thread 0x00000295d39c2ff0  399       3       java.lang.invoke.LambdaForm::prepare (108 bytes)
Event: 219.097 Thread 0x00000295d39c2ff0 nmethod 399 0x00000295bf71be10 code [0x00000295bf71c060, 0x00000295bf71c848]

GC Heap History (0 events):
No events

Dll operation events (7 events):
Event: 0.014 Loaded shared library C:\Program Files\BlueJ\jdk\bin\java.dll
Event: 0.349 Loaded shared library C:\Program Files\BlueJ\jdk\bin\jsvml.dll
Event: 1.466 Loaded shared library C:\Program Files\BlueJ\jdk\bin\net.dll
Event: 1.469 Loaded shared library C:\Program Files\BlueJ\jdk\bin\nio.dll
Event: 1.505 Loaded shared library C:\Program Files\BlueJ\jdk\bin\zip.dll
Event: 1.621 Loaded shared library C:\Program Files\BlueJ\jdk\bin\jimage.dll
Event: 1.626 Loaded shared library C:\Program Files\BlueJ\jdk\bin\awt.dll

Deoptimization events (6 events):
Event: 1.487 Thread 0x00000295b5529390 DEOPT PACKING pc=0x00000295bf6902cf sp=0x000000c2fa7fdab0
Event: 1.487 Thread 0x00000295b5529390 DEOPT UNPACKING pc=0x00000295c6c188e2 sp=0x000000c2fa7fcf28 mode 0
Event: 1.552 Thread 0x00000295b5529390 Uncommon trap: trap_request=0xffffff45 fr.pc=0x00000295c71683a8 relative=0x0000000000000908
Event: 1.552 Thread 0x00000295b5529390 Uncommon trap: reason=unstable_if action=reinterpret pc=0x00000295c71683a8 method=java.util.zip.ZipFile$Source.checkAndAddEntry(II)I @ 50 c2
Event: 1.552 Thread 0x00000295b5529390 DEOPT PACKING pc=0x00000295c71683a8 sp=0x000000c2fa7fa610
Event: 1.552 Thread 0x00000295b5529390 DEOPT UNPACKING pc=0x00000295c6c17da2 sp=0x000000c2fa7fa5a0 mode 2

Classes loaded (20 events):
Event: 219.093 Loading class sun/java2d/d3d/D3DContext$D3DContextCaps
Event: 219.093 Loading class sun/java2d/pipe/hw/ContextCapabilities
Event: 219.093 Loading class sun/java2d/pipe/hw/ContextCapabilities done
Event: 219.094 Loading class sun/java2d/d3d/D3DContext$D3DContextCaps done
Event: 219.096 Loading class sun/awt/Win32GraphicsConfig
Event: 219.096 Loading class sun/awt/image/SurfaceManager$ProxiedGraphicsConfig
Event: 219.096 Loading class sun/awt/image/SurfaceManager$ProxiedGraphicsConfig done
Event: 219.096 Loading class java/awt/GraphicsConfiguration
Event: 219.097 Loading class java/awt/GraphicsConfiguration done
Event: 219.097 Loading class sun/awt/Win32GraphicsConfig done
Event: 219.097 Loading class java/awt/Rectangle
Event: 219.097 Loading class java/awt/Shape
Event: 219.097 Loading class java/awt/Shape done
Event: 219.097 Loading class java/awt/geom/Rectangle2D
Event: 219.097 Loading class java/awt/geom/RectangularShape
Event: 219.097 Loading class java/awt/geom/RectangularShape done
Event: 219.097 Loading class java/awt/geom/Rectangle2D done
Event: 219.097 Loading class java/awt/Rectangle done
Event: 219.362 Loading class java/util/ArrayList$ListItr
Event: 219.362 Loading class java/util/ArrayList$ListItr done

Classes unloaded (0 events):
No events

Classes redefined (0 events):
No events

Internal exceptions (3 events):
Event: 1.600 Thread 0x00000295b5529390 Exception <a 'java/lang/ClassNotFoundException'{0x000000008c431618}: sun/awt/resources/spi/awtProvider> (0x000000008c431618) 
thrown [s\src\hotspot\share\classfile\systemDictionary.cpp, line 312]
Event: 1.682 Thread 0x00000295b5529390 Exception <a 'java/io/FileNotFoundException'{0x000000008c494a28}> (0x000000008c494a28) 
thrown [s\src\hotspot\share\prims\jni.cpp, line 520]
Event: 1.703 Thread 0x00000295b5529390 Exception <a 'java/io/FileNotFoundException'{0x000000008c4bf430}> (0x000000008c4bf430) 
thrown [s\src\hotspot\share\prims\jni.cpp, line 520]

ZGC Phase Switch (0 events):
No events

VM Operations (20 events):
Event: 1.509 Executing VM operation: HandshakeAllThreads (Deoptimize)
Event: 1.509 Executing VM operation: HandshakeAllThreads (Deoptimize) done
Event: 1.509 Executing VM operation: Cleanup
Event: 1.509 Executing VM operation: Cleanup done
Event: 1.576 Executing VM operation: ChangeBreakpoints
Event: 1.576 Executing VM operation: ChangeBreakpoints done
Event: 1.576 Executing VM operation: ChangeBreakpoints
Event: 1.576 Executing VM operation: ChangeBreakpoints done
Event: 1.577 Executing VM operation: ChangeBreakpoints
Event: 1.577 Executing VM operation: ChangeBreakpoints done
Event: 2.590 Executing VM operation: Cleanup
Event: 2.590 Executing VM operation: Cleanup done
Event: 3.108 Executing VM operation: HandshakeAllThreads (Deoptimize)
Event: 3.108 Executing VM operation: HandshakeAllThreads (Deoptimize) done
Event: 60.078 Executing VM operation: HandshakeAllThreads (HandshakeForDeflation)
Event: 60.078 Executing VM operation: HandshakeAllThreads (HandshakeForDeflation) done
Event: 60.078 Executing VM operation: RendezvousGCThreads
Event: 60.078 Executing VM operation: RendezvousGCThreads done
Event: 219.369 Executing VM operation: Cleanup
Event: 219.369 Executing VM operation: Cleanup done

Memory protections (0 events):
No events

Nmethod flushes (0 events):
No events

Events (20 events):
Event: 0.307 Thread 0x00000295b5529390 Thread added: 0x00000295d3957800
Event: 0.307 Thread 0x00000295b5529390 Thread added: 0x00000295d3958670
Event: 0.353 Thread 0x00000295b5529390 Thread added: 0x00000295d39c2ff0
Event: 0.562 Thread 0x00000295b5529390 Thread added: 0x00000295d3a66560
Event: 0.562 Thread 0x00000295b5529390 Thread added: 0x00000295d3a6b710
Event: 0.584 Thread 0x00000295d3a66560 Thread added: 0x00000295d3a71db0
Event: 1.269 Thread 0x00000295b5529390 Thread added: 0x00000295d3a766e0
Event: 1.391 Thread 0x00000295b5529390 Thread added: 0x00000295d3a78f10
Event: 1.905 Thread 0x00000295b5529390 Thread added: 0x00000295d3d8fbb0
Event: 1.911 Thread 0x00000295b5529390 Thread added: 0x00000295d3d91460
Event: 2.022 Thread 0x00000295b5529390 Thread added: 0x00000295d3d99760
Event: 2.102 Thread 0x00000295b5529390 Thread added: 0x00000295d3dbe270
Event: 2.102 Thread 0x00000295b5529390 Thread added: 0x00000295d3dbe8d0
Event: 2.103 Thread 0x00000295b5529390 Thread exited: 0x00000295b5529390
Event: 2.103 Thread 0x00000295b5529390 Thread added: 0x00000295b5529390
Event: 3.110 Thread 0x00000295d3d91460 Thread exited: 0x00000295d3d91460
Event: 9.583 Thread 0x00000295d3d99760 Thread added: 0x00000295d3d91460
Event: 10.799 Thread 0x00000295d3d91460 Thread exited: 0x00000295d3d91460
Event: 217.541 Thread 0x00000295d3d99760 Thread added: 0x00000295d3d91460
Event: 218.901 Thread 0x00000295d3d99760 Thread added: 0x00000295d3b8fde0


Dynamic libraries:
0x00007ff78d5a0000 - 0x00007ff78d5ae000 	C:\Program Files\BlueJ\jdk\bin\java.exe
0x00007ff9cee30000 - 0x00007ff9cf025000 	C:\windows\SYSTEM32\ntdll.dll
0x00007ff9ccec0000 - 0x00007ff9ccf7e000 	C:\windows\System32\KERNEL32.DLL
0x00007ff9ccaf0000 - 0x00007ff9ccdb9000 	C:\windows\System32\KERNELBASE.dll
0x00007ff9cc640000 - 0x00007ff9cc740000 	C:\windows\System32\ucrtbase.dll
0x00007ff9953e0000 - 0x00007ff9953f8000 	C:\Program Files\BlueJ\jdk\bin\jli.dll
0x00007ff9cd030000 - 0x00007ff9cd1d1000 	C:\windows\System32\USER32.dll
0x00007ff9ccdc0000 - 0x00007ff9ccde2000 	C:\windows\System32\win32u.dll
0x00007ff9cce90000 - 0x00007ff9ccebb000 	C:\windows\System32\GDI32.dll
0x00007ff9cc770000 - 0x00007ff9cc87b000 	C:\windows\System32\gdi32full.dll
0x00007ff9cc5a0000 - 0x00007ff9cc63d000 	C:\windows\System32\msvcp_win.dll
0x00007ff995340000 - 0x00007ff99535e000 	C:\Program Files\BlueJ\jdk\bin\VCRUNTIME140.dll
0x00007ff9b7090000 - 0x00007ff9b732a000 	C:\windows\WinSxS\amd64_microsoft.windows.common-controls_6595b64144ccf1df_6.0.19041.1110_none_60b5254171f9507e\COMCTL32.dll
0x00007ff9ce3f0000 - 0x00007ff9ce48e000 	C:\windows\System32\msvcrt.dll
0x00007ff9cd590000 - 0x00007ff9cd5c0000 	C:\windows\System32\IMM32.DLL
0x00007ff9b1d30000 - 0x00007ff9b1d3c000 	C:\Program Files\BlueJ\jdk\bin\vcruntime140_1.dll
0x00007ff9700b0000 - 0x00007ff97013d000 	C:\Program Files\BlueJ\jdk\bin\msvcp140.dll
0x00007ff96b2d0000 - 0x00007ff96c060000 	C:\Program Files\BlueJ\jdk\bin\server\jvm.dll
0x00007ff9ccf80000 - 0x00007ff9cd02c000 	C:\windows\System32\ADVAPI32.dll
0x00007ff9ce4f0000 - 0x00007ff9ce58b000 	C:\windows\System32\sechost.dll
0x00007ff9cddd0000 - 0x00007ff9cdefa000 	C:\windows\System32\RPCRT4.dll
0x00007ff9cdf60000 - 0x00007ff9cdfcb000 	C:\windows\System32\WS2_32.dll
0x00007ff9cc3c0000 - 0x00007ff9cc40b000 	C:\windows\SYSTEM32\POWRPROF.dll
0x00007ff9b12e0000 - 0x00007ff9b1307000 	C:\windows\SYSTEM32\WINMM.dll
0x00007ff9c58d0000 - 0x00007ff9c58da000 	C:\windows\SYSTEM32\VERSION.dll
0x00007ff9cc3a0000 - 0x00007ff9cc3b2000 	C:\windows\SYSTEM32\UMPDC.dll
0x00007ff9cadd0000 - 0x00007ff9cade2000 	C:\windows\SYSTEM32\kernel.appcore.dll
0x00007ff99ad70000 - 0x00007ff99ad7a000 	C:\Program Files\BlueJ\jdk\bin\jimage.dll
0x00007ff9caae0000 - 0x00007ff9cacc4000 	C:\windows\SYSTEM32\DBGHELP.DLL
0x00007ff9b7e20000 - 0x00007ff9b7e4c000 	C:\windows\SYSTEM32\dbgcore.DLL
0x00007ff9ccdf0000 - 0x00007ff9cce73000 	C:\windows\System32\bcryptPrimitives.dll
0x00007ff99bed0000 - 0x00007ff99bf0c000 	C:\Program Files\BlueJ\jdk\bin\jdwp.dll
0x00007ff994140000 - 0x00007ff99415f000 	C:\Program Files\BlueJ\jdk\bin\java.dll
0x00007ff9cd5e0000 - 0x00007ff9cdd1f000 	C:\windows\System32\SHELL32.dll
0x00007ff9ca280000 - 0x00007ff9caa10000 	C:\windows\SYSTEM32\windows.storage.dll
0x00007ff9cea90000 - 0x00007ff9cede5000 	C:\windows\System32\combase.dll
0x00007ff9cbed0000 - 0x00007ff9cbefc000 	C:\windows\SYSTEM32\Wldp.dll
0x00007ff9cdd20000 - 0x00007ff9cddce000 	C:\windows\System32\SHCORE.dll
0x00007ff9cdfe0000 - 0x00007ff9ce035000 	C:\windows\System32\shlwapi.dll
0x00007ff9cc490000 - 0x00007ff9cc4af000 	C:\windows\SYSTEM32\profapi.dll
0x00007ff96b1f0000 - 0x00007ff96b2c7000 	C:\Program Files\BlueJ\jdk\bin\jsvml.dll
0x00007ff9c7920000 - 0x00007ff9c792b000 	C:\Program Files\BlueJ\jdk\bin\dt_shmem.dll
0x00007ff99ac50000 - 0x00007ff99ac60000 	C:\Program Files\BlueJ\jdk\bin\net.dll
0x00007ff9b92b0000 - 0x00007ff9b93b8000 	C:\windows\SYSTEM32\WINHTTP.dll
0x00007ff9cbc30000 - 0x00007ff9cbc9a000 	C:\windows\system32\mswsock.dll
0x00007ff9939e0000 - 0x00007ff9939f6000 	C:\Program Files\BlueJ\jdk\bin\nio.dll
0x00007ff9939c0000 - 0x00007ff9939d8000 	C:\Program Files\BlueJ\jdk\bin\zip.dll
0x00007ff9699a0000 - 0x00007ff969b2e000 	C:\Program Files\BlueJ\jdk\bin\awt.dll
0x00007ff9cd430000 - 0x00007ff9cd4fd000 	C:\windows\System32\OLEAUT32.dll
0x00007ff9c9a40000 - 0x00007ff9c9ad0000 	C:\windows\SYSTEM32\apphelp.dll
0x00007ff9c9be0000 - 0x00007ff9c9c7e000 	C:\windows\system32\uxtheme.dll
0x00007ff9ce2d0000 - 0x00007ff9ce3e5000 	C:\windows\System32\MSCTF.dll
0x00007ff9cd2f0000 - 0x00007ff9cd41a000 	C:\windows\System32\ole32.dll
0x00007ff9c9f90000 - 0x00007ff9c9fbf000 	C:\windows\system32\DWMAPI.DLL
0x00007ff9aac30000 - 0x00007ff9aad55000 	C:\windows\system32\opengl32.dll
0x00007ff9acab0000 - 0x00007ff9acadc000 	C:\windows\SYSTEM32\GLU32.dll
0x00007ff9c0210000 - 0x00007ff9c024b000 	C:\windows\SYSTEM32\dxcore.dll
0x00007ff9cc550000 - 0x00007ff9cc59e000 	C:\windows\System32\cfgmgr32.dll

dbghelp: loaded successfully - version: 4.0.5 - missing functions: none
symbol engine: initialized successfully - sym options: 0x614 - pdb path: .;C:\Program Files\BlueJ\jdk\bin;C:\windows\SYSTEM32;C:\windows\WinSxS\amd64_microsoft.windows.common-controls_6595b64144ccf1df_6.0.19041.1110_none_60b5254171f9507e;C:\Program Files\BlueJ\jdk\bin\server

VM Arguments:
jvm_args: -ea -agentlib:jdwp=transport=dt_shmem,address=javadebug -Dfile.encoding=UTF-8 
java_command: bluej.runtime.ExecServer UTF-8
java_class_path (initial): C:\Program Files\BlueJ\lib\bluejcore.jar;C:\Program Files\BlueJ\lib\javafx-base-23.0.2-win.jar;C:\Program Files\BlueJ\lib\javafx-controls-23.0.2-win.jar;C:\Program Files\BlueJ\lib\javafx-fxml-23.0.2-win.jar;C:\Program Files\BlueJ\lib\javafx-graphics-23.0.2-win.jar;C:\Program Files\BlueJ\lib\javafx-media-23.0.2-win.jar;C:\Program Files\BlueJ\lib\javafx-swing-23.0.2-win.jar;C:\Program Files\BlueJ\lib\javafx-web-23.0.2-win.jar;C:\Program Files\BlueJ\lib\junit-4.12.jar;C:\Program Files\BlueJ\lib\junit-jupiter-5.5.2.jar;C:\Program Files\BlueJ\lib\junit-jupiter-api-5.5.2.jar;C:\Program Files\BlueJ\lib\junit-jupiter-engine-5.5.2.jar;C:\Program Files\BlueJ\lib\junit-jupiter-params-5.5.2.jar;C:\Program Files\BlueJ\lib\junit-platform-commons-1.5.2.jar;C:\Program Files\BlueJ\lib\junit-platform-engine-1.5.2.jar;C:\Program Files\BlueJ\lib\junit-platform-launcher-1.5.2.jar;C:\Program Files\BlueJ\lib\junit-platform-suite-api-1.5.2.jar;C:\Program Files\BlueJ\lib\junit-vintage-engine-5.5.2.jar;C:\Program Files\BlueJ\lib\hamcrest-core-1.3.jar;C:\Program Files\BlueJ\lib\opentest4j-1.2.0.jar;C:\Program Files\BlueJ\lib\lang-stride.jar;C:\Program Files\BlueJ\lib\javafx\javafx.base.jar;C:\Program Files\BlueJ\lib\javafx\javafx.controls.jar;C:\Program Files\BlueJ\lib\javafx\javafx.fxml.jar;C:\Program Files\BlueJ\lib\javafx\javafx.graphics.jar;C:\Program Files\BlueJ\lib\javafx\javafx.media.jar;C:\Program Files\BlueJ\lib\javafx\javafx.properties.jar;C:\Program Files\BlueJ\lib\javafx\javafx.swing.jar;C:\Program Files\BlueJ\lib\javafx\javafx.web.jar
Launcher Type: SUN_STANDARD

[Global flags]
     intx CICompilerCount                          = 3                                         {product} {ergonomic}
     uint ConcGCThreads                            = 1                                         {product} {ergonomic}
     uint G1ConcRefinementThreads                  = 4                                         {product} {ergonomic}
   size_t G1HeapRegionSize                         = 1048576                                   {product} {ergonomic}
    uintx GCDrainStackTargetSize                   = 64                                        {product} {ergonomic}
   size_t InitialHeapSize                          = 130023424                                 {product} {ergonomic}
   size_t MarkStackSize                            = 4194304                                   {product} {ergonomic}
   size_t MaxHeapSize                              = 2067791872                                {product} {ergonomic}
   size_t MaxNewSize                               = 1240465408                                {product} {ergonomic}
   size_t MinHeapDeltaBytes                        = 1048576                                   {product} {ergonomic}
   size_t MinHeapSize                              = 8388608                                   {product} {ergonomic}
    uintx NonNMethodCodeHeapSize                   = 5832780                                {pd product} {ergonomic}
    uintx NonProfiledCodeHeapSize                  = 122912730                              {pd product} {ergonomic}
    uintx ProfiledCodeHeapSize                     = 122912730                              {pd product} {ergonomic}
    uintx ReservedCodeCacheSize                    = 251658240                              {pd product} {ergonomic}
     bool SegmentedCodeCache                       = true                                      {product} {ergonomic}
   size_t SoftMaxHeapSize                          = 2067791872                             {manageable} {ergonomic}
     bool UseCompressedOops                        = true                           {product lp64_product} {ergonomic}
     bool UseG1GC                                  = true                                      {product} {ergonomic}
     bool UseLargePagesIndividualAllocation        = false                                  {pd product} {ergonomic}

Logging:
Log output configuration:
 #0: stdout all=warning uptime,level,tags foldmultilines=false
 #1: stderr all=off uptime,level,tags foldmultilines=false

Environment Variables:
PATH=C:\windows\system32;C:\windows;C:\windows\System32\Wbem;C:\windows\System32\WindowsPowerShell\v1.0\;C:\windows\System32\OpenSSH\;C:\Program Files\Git\cmd;C:\Users\Junior\AppData\Local\Microsoft\WindowsApps;
USERNAME=Junior
OS=Windows_NT
PROCESSOR_IDENTIFIER=Intel64 Family 6 Model 126 Stepping 5, GenuineIntel
TMP=C:\Users\Junior\AppData\Local\Temp
TEMP=C:\Users\Junior\AppData\Local\Temp




Periodic native trim disabled

---------------  S Y S T E M  ---------------

OS:
 Windows 10 , 64 bit Build 19041 (10.0.19041.1202)
OS uptime: 0 days 0:16 hours

CPU: total 4 (initial active 4) (2 cores per cpu, 2 threads per core) family 6 model 126 stepping 5 microcode 0xa0, cx8, cmov, fxsr, ht, mmx, 3dnowpref, sse, sse2, sse3, ssse3, sse4.1, sse4.2, popcnt, lzcnt, tsc, tscinvbit, avx, avx2, aes, erms, clmul, bmi1, bmi2, adx, avx512f, avx512dq, avx512cd, avx512bw, avx512vl, sha, fma, vzeroupper, avx512_vpopcntdq, avx512_vpclmulqdq, avx512_vaes, avx512_vnni, clflush, clflushopt, avx512_vbmi2, avx512_vbmi, rdtscp, rdpid, fsrm, gfni, avx512_bitalg, f16c, pku, avx512_ifma
Processor Information for the first 4 processors :
  Max Mhz: 1190, Current Mhz: 1190, Mhz Limit: 1190

Memory: 4k page, system-wide physical 7880M (3162M free)
TotalPageFile size 9800M (AvailPageFile size 4715M)
current process WorkingSet (physical memory assigned to process): 46M, peak: 46M
current process commit charge ("private bytes"): 201M, peak: 201M

vm_info: OpenJDK 64-Bit Server VM (21.0.6+7-LTS) for windows-amd64 JRE (21.0.6+7-LTS), built on 2025-01-21T00:00:00Z by "admin" with MS VC++ 17.7 (VS2022)

END.
