#
# A fatal error has been detected by the Java Runtime Environment:
#
#  EXCEPTION_ACCESS_VIOLATION (0xc0000005) at pc=0x00007ff969a7b5b6, pid=3860, tid=9736
#
# JRE version: OpenJDK Runtime Environment Temurin-21.0.6+7 (21.0.6+7) (build 21.0.6+7-LTS)
# Java VM: OpenJDK 64-Bit Server VM Temurin-21.0.6+7 (21.0.6+7-LTS, mixed mode, sharing, tiered, compressed oops, compressed class ptrs, g1 gc, windows-amd64)
# Problematic frame:
# C  [awt.dll+0xdb5b6]
#
# No core dump will be written. Minidumps are not enabled by default on client versions of Windows
#
# If you would like to submit a bug report, please visit:
#   https://github.com/adoptium/adoptium-support/issues
# The crash happened outside the Java Virtual Machine in native code.
# See problematic frame for where to report the bug.
#

---------------  S U M M A R Y ------------

Command Line: -ea -agentlib:jdwp=transport=dt_shmem,address=javadebug -Dfile.encoding=UTF-8 bluej.runtime.ExecServer UTF-8

Host: Intel(R) Core(TM) i3-1005G1 CPU @ 1.20GHz, 4 cores, 7G,  Windows 10 , 64 bit Build 19041 (10.0.19041.1202)
Time: Wed Oct 29 12:27:10 2025 Hora padrão de GMT elapsed time: 233.651919 seconds (0d 0h 3m 53s)

---------------  T H R E A D  ---------------

Current thread (0x0000024ccf506170):  JavaThread "AWT-EventQueue-0"        [_thread_in_native, id=9736, stack(0x000000794e400000,0x000000794e500000) (1024K)]

Stack: [0x000000794e400000,0x000000794e500000],  sp=0x000000794e4fe960,  free space=1018k
Native frames: (J=compiled Java code, j=interpreted, Vv=VM code, C=native code)
C  [awt.dll+0xdb5b6]

Java frames: (J=compiled Java code, j=interpreted, Vv=VM code)
j  sun.awt.Win32GraphicsDevice.initNativeScale(I)V+0 java.desktop@21.0.6
j  sun.awt.Win32GraphicsDevice.initScaleFactors()V+60 java.desktop@21.0.6
j  sun.awt.Win32GraphicsDevice.displayChanged()V+16 java.desktop@21.0.6
j  sun.awt.Win32GraphicsEnvironment.displayChanged()V+271 java.desktop@21.0.6
j  sun.awt.windows.WToolkit.lambda$displayChanged$4()V+15 java.desktop@21.0.6
j  sun.awt.windows.WToolkit$$Lambda+0x0000024c8106ee20.run()V+0 java.desktop@21.0.6
j  java.awt.event.InvocationEvent.dispatch()V+47 java.desktop@21.0.6
j  java.awt.EventQueue.dispatchEventImpl(Ljava/awt/AWTEvent;Ljava/lang/Object;)V+21 java.desktop@21.0.6
j  java.awt.EventQueue$4.run()Ljava/lang/Void;+32 java.desktop@21.0.6
j  java.awt.EventQueue$4.run()Ljava/lang/Object;+1 java.desktop@21.0.6
j  java.security.AccessController.executePrivileged(Ljava/security/PrivilegedAction;Ljava/security/AccessControlContext;Ljava/lang/Class;)Ljava/lang/Object;+29 java.base@21.0.6
j  java.security.AccessController.doPrivileged(Ljava/security/PrivilegedAction;Ljava/security/AccessControlContext;)Ljava/lang/Object;+13 java.base@21.0.6
j  java.security.ProtectionDomain$JavaSecurityAccessImpl.doIntersectionPrivilege(Ljava/security/PrivilegedAction;Ljava/security/AccessControlContext;Ljava/security/AccessControlContext;)Ljava/lang/Object;+18 java.base@21.0.6
j  java.awt.EventQueue.dispatchEvent(Ljava/awt/AWTEvent;)V+46 java.desktop@21.0.6
j  java.awt.EventDispatchThread.pumpOneEventForFilters(I)V+81 java.desktop@21.0.6
j  java.awt.EventDispatchThread.pumpEventsForFilter(ILjava/awt/Conditional;Ljava/awt/EventFilter;)V+35 java.desktop@21.0.6
j  java.awt.EventDispatchThread.pumpEventsForHierarchy(ILjava/awt/Conditional;Ljava/awt/Component;)V+11 java.desktop@21.0.6
j  java.awt.EventDispatchThread.pumpEvents(ILjava/awt/Conditional;)V+4 java.desktop@21.0.6
j  java.awt.EventDispatchThread.pumpEvents(Ljava/awt/Conditional;)V+3 java.desktop@21.0.6
j  java.awt.EventDispatchThread.run()V+9 java.desktop@21.0.6
v  ~StubRoutines::call_stub 0x0000024ce13d10e7

siginfo: EXCEPTION_ACCESS_VIOLATION (0xc0000005), reading address 0xffffffffffffffff


Registers:
RAX=0xf202000000000049, RBX=0x0000024cede48140, RCX=0xf202000000000049, RDX=0x0000000000000000
RSP=0x000000794e4fe960, RBP=0x000000794e4fea40, RSI=0x0000000000000120, RDI=0x0000000000000000
R8 =0x0000000000000001, R9 =0x000000008c2c86c0, R10=0x0000024ce13e0887, R11=0x0000000000000100
R12=0x0000000000000000, R13=0x0000024cee23df40, R14=0x000000794e4fea68, R15=0x0000024ccf506170
RIP=0x00007ff969a7b5b6, EFLAGS=0x0000000000010206

XMM[0]=0x0000000000000000 0x0000000000000000
XMM[1]=0x0000000000000000 0x00000000bf800000
XMM[2]=0x0000000000000000 0x0000000000000000
XMM[3]=0x0000000000000000 0x0000000000000000
XMM[4]=0x0000000000000000 0x0000000000000000
XMM[5]=0x0000000000000000 0x0000000000000000
XMM[6]=0x0000000000000000 0x0000000000000000
XMM[7]=0x0000000000000000 0x0000000000000000
XMM[8]=0x0000000000000000 0x0000000000000000
XMM[9]=0x0000000000000000 0x0000000000000000
XMM[10]=0x0000000000000000 0x0000000000000000
XMM[11]=0x0000000000000000 0x0000000000000000
XMM[12]=0x0000000000000000 0x0000000000000000
XMM[13]=0x0000000000000000 0x0000000000000000
XMM[14]=0x0000000000000000 0x0000000000000000
XMM[15]=0x0000000000000000 0x0000000000000000
  MXCSR=0x00001fa0


Register to memory mapping:

RAX=0xf202000000000049 is an unknown value
RBX=0x0000024cede48140 points into unknown readable memory: 0x0000024cede48a30 | 30 8a e4 ed 4c 02 00 00
RCX=0xf202000000000049 is an unknown value
RDX=0x0 is null
RSP=0x000000794e4fe960 is pointing into the stack for thread: 0x0000024ccf506170
RBP=0x000000794e4fea40 is pointing into the stack for thread: 0x0000024ccf506170
RSI=0x0000000000000120 is an unknown value
RDI=0x0 is null
R8 =0x0000000000000001 is an unknown value
R9 =0x000000008c2c86c0 is an oop: java.lang.Class 
{0x000000008c2c86c0} - klass: 'java/lang/Class'
 - ---- fields (total size 16 words):
 - private volatile transient 'classRedefinedCount' 'I' @12  0 (0x00000000)
 - injected 'klass' 'J' @16  2527605507320 (0x0000024c810744f8)
 - injected 'array_klass' 'J' @24  0 (0x0000000000000000)
 - injected 'oop_size' 'I' @32  16 (0x00000010)
 - injected 'static_oop_field_count' 'I' @36  0 (0x00000000)
 - private volatile transient 'cachedConstructor' 'Ljava/lang/reflect/Constructor;' @40  null (0x00000000)
 - private transient 'name' 'Ljava/lang/String;' @44  null (0x00000000)
 - private transient 'module' 'Ljava/lang/Module;' @48  a 'java/lang/Module'{0x000000008c638de8} (0x8c638de8)
 - private final 'classLoader' 'Ljava/lang/ClassLoader;' @52  null (0x00000000)
 - private transient 'classData' 'Ljava/lang/Object;' @56  null (0x00000000)
 - private transient 'packageName' 'Ljava/lang/String;' @60  null (0x00000000)
 - private final 'componentType' 'Ljava/lang/Class;' @64  null (0x00000000)
 - private volatile transient 'reflectionData' 'Ljava/lang/ref/SoftReference;' @68  null (0x00000000)
 - private volatile transient 'genericInfo' 'Lsun/reflect/generics/repository/ClassRepository;' @72  null (0x00000000)
 - private volatile transient 'enumConstants' '[Ljava/lang/Object;' @76  null (0x00000000)
 - private volatile transient 'enumConstantDirectory' 'Ljava/util/Map;' @80  null (0x00000000)
 - private volatile transient 'annotationData' 'Ljava/lang/Class$AnnotationData;' @84  null (0x00000000)
 - private volatile transient 'annotationType' 'Lsun/reflect/annotation/AnnotationType;' @88  null (0x00000000)
 - transient 'classValueMap' 'Ljava/lang/ClassValue$ClassValueMap;' @92  null (0x00000000)
 - injected 'protection_domain' 'Ljava/lang/Object;' @96  null (0x00000000)
 - injected 'signers_name' 'Ljava/lang/Object;' @100  null (0x00000000)
 - injected 'source_file' 'Ljava/lang/Object;' @104  null (0x00000000)
 - injected '<init_lock>' 'Ljava/lang/Object;' @108  null (0x00000000)
 - signature: Lsun/awt/Win32GraphicsEnvironment;
 - ---- static fields (0):
 - static final 'debugScaleX' 'F' @112  -1.000000 (0xbf800000)
 - static final 'debugScaleY' 'F' @116  -1.000000 (0xbf800000)
 - private static volatile 'isDWMCompositionEnabled' 'Z' @120  true (0x01)
 - static final synthetic '$assertionsDisabled' 'Z' @121  true (0x01)
R10=0x0000024ce13e0887 is at code_begin+1927 in an Interpreter codelet
native method entry point (kind = native)  [0x0000024ce13e0100, 0x0000024ce13e1438]  4920 bytes
R11=0x0000000000000100 is an unknown value
R12=0x0 is null
R13={method} {0x0000024cee23df48} 'initNativeScale' '(I)V' in 'sun/awt/Win32GraphicsDevice'
R14=0x000000794e4fea68 is pointing into the stack for thread: 0x0000024ccf506170
R15=0x0000024ccf506170 is a thread

Top of Stack: (sp=0x000000794e4fe960)
0x000000794e4fe960:   0000024ccf506170 0000024ce13d95b8
0x000000794e4fe970:   0000024cede48140 0000000000000120
0x000000794e4fe980:   0000024cede48140 00007ff969a7cdf2
0x000000794e4fe990:   00007ff969ada848 0000024cee23df40
0x000000794e4fe9a0:   0000000000000000 00007ff96bcdd328
0x000000794e4fe9b0:   0000024ce13d96b9 0000024ce13e08b6
0x000000794e4fe9c0:   0000024cee23df40 0000024ccf506170
0x000000794e4fe9d0:   0000000000000120 0000000000000000
0x000000794e4fe9e0:   000000794e4fea40 0000000000000001
0x000000794e4fe9f0:   000000008c2cc0a8 000000794e4fe9f8
0x000000794e4fea00:   0000000000000000 0000000000000005
0x000000794e4fea10:   0000024cee240f78 0000000000000000
0x000000794e4fea20:   000000008c2c9430 0000024cee23df40
0x000000794e4fea30:   0000000000000000 000000794e4fea60
0x000000794e4fea40:   000000794e4feab8 0000024ce13d91b4
0x000000794e4fea50:   0000000000000000 0000024ce13dc6f7
0x000000794e4fea60:   0000000000000000 000000008c2c9dd8
0x000000794e4fea70:   000000794e4fea70 0000024cee23e594
0x000000794e4fea80:   0000000000000002 0000024cee240f78
0x000000794e4fea90:   0000000000000000 000000008c2c9430
0x000000794e4feaa0:   0000024cee23e5e0 000000794e4fea60
0x000000794e4feab0:   000000794e4feac8 000000794e4feb18
0x000000794e4feac0:   0000024ce13d91b4 000000008c2c9dd8
0x000000794e4fead0:   000000794e4fead0 0000024cee23fe58
0x000000794e4feae0:   0000000000000003 0000024cee240f78
0x000000794e4feaf0:   0000000000000000 000000008c2c9430
0x000000794e4feb00:   0000024cee23fea0 000000794e4feac8
0x000000794e4feb10:   000000794e4feb30 000000794e4feb80
0x000000794e4feb20:   0000024ce13d91b4 0000000000000000
0x000000794e4feb30:   000000008c2c9dd8 000000794e4feb38
0x000000794e4feb40:   0000024cee22f1ff 0000000000000008
0x000000794e4feb50:   0000024cee2330d0 0000000000000000 

Instructions: (pc=0x00007ff969a7b5b6)
0x00007ff969a7b4b6:   00 68 00 00 00 0f 11 44 24 34 0f 11 44 24 44 0f
0x00007ff969a7b4c6:   11 44 24 54 0f 11 44 24 64 0f 11 44 24 74 0f 11
0x00007ff969a7b4d6:   84 24 84 00 00 00 89 84 24 94 00 00 00 c7 44 24
0x00007ff969a7b4e6:   30 68 00 00 00 48 8d 94 24 a0 00 00 00 48 8b cd
0x00007ff969a7b4f6:   ff 15 cc 88 06 00 85 c0 74 40 48 8d 54 24 30 48
0x00007ff969a7b506:   8b ce ff 15 ba 88 06 00 85 c0 74 2e 48 8d 54 24
0x00007ff969a7b516:   34 48 8d 8c 24 a4 00 00 00 ff 15 eb 83 06 00 85
0x00007ff969a7b526:   c0 74 17 48 8d 54 24 44 48 8d 8c 24 b4 00 00 00
0x00007ff969a7b536:   ff 15 d4 83 06 00 85 c0 75 11 ff c7 3b 7b 0c 0f
0x00007ff969a7b546:   8c 15 ff ff ff 8b 3d 4f be 06 00 48 8b cb e8 b7
0x00007ff969a7b556:   c9 f4 ff 90 8b c7 48 8b 8c 24 10 01 00 00 48 33
0x00007ff969a7b566:   cc e8 54 02 01 00 4c 8d 9c 24 20 01 00 00 49 8b
0x00007ff969a7b576:   5b 18 49 8b 6b 20 49 8b 73 28 49 8b e3 5f c3 cc
0x00007ff969a7b586:   cc cc cc cc cc cc cc cc cc cc 48 8b 41 08 48 8b
0x00007ff969a7b596:   80 18 0c 00 00 c3 cc cc cc cc 48 8b 41 08 48 05
0x00007ff969a7b5a6:   00 04 00 00 c3 cc cc cc cc cc 40 53 48 83 ec 20
0x00007ff969a7b5b6:   83 79 50 00 48 8b d9 75 56 48 8b 49 28 4c 8d 44
0x00007ff969a7b5c6:   24 38 48 8d 54 24 30 c7 44 24 30 00 00 80 bf c7
0x00007ff969a7b5d6:   44 24 38 00 00 80 bf e8 be e1 00 00 f3 0f 10 54
0x00007ff969a7b5e6:   24 30 0f 57 c0 0f 2f d0 76 25 f3 0f 10 4c 24 38
0x00007ff969a7b5f6:   0f 2f c8 76 1a f3 0f 5e 15 09 a7 02 00 f3 0f 5e
0x00007ff969a7b606:   0d 01 a7 02 00 f3 0f 11 53 48 f3 0f 11 4b 4c 48
0x00007ff969a7b616:   83 c4 20 5b c3 cc cc cc cc cc 48 89 5c 24 10 48
0x00007ff969a7b626:   89 74 24 18 48 89 7c 24 20 41 56 48 83 ec 40 48
0x00007ff969a7b636:   8b d9 48 83 79 18 00 75 14 b9 28 04 00 00 e8 97
0x00007ff969a7b646:   97 00 00 48 89 43 18 c7 00 28 00 00 00 48 8b 43
0x00007ff969a7b656:   18 33 ff 66 89 78 0e 48 8b 4b 28 e8 5a 03 00 00
0x00007ff969a7b666:   48 8b f0 ba 01 00 00 00 44 8b c2 48 8b c8 ff 15
0x00007ff969a7b676:   b6 7f 06 00 4c 8b f0 89 7c 24 30 48 8b 4b 18 48
0x00007ff969a7b686:   89 4c 24 28 48 89 7c 24 20 44 8d 4f 01 45 33 c0
0x00007ff969a7b696:   48 8b d0 48 8b ce ff 15 6e 80 06 00 48 8b 53 30
0x00007ff969a7b6a6:   48 8b 0b 83 79 04 08 0f 8e 01 02 00 00 f6 42 24 


Stack slot to memory mapping:

stack at sp + 0 slots: 0x0000024ccf506170 is a thread
stack at sp + 1 slots: 0x0000024ce13d95b8 is at code_begin+4408 in an Interpreter codelet
return entry points  [0x0000024ce13d8480, 0x0000024ce13da590]  8464 bytes
stack at sp + 2 slots: 0x0000024cede48140 points into unknown readable memory: 0x0000024cede48a30 | 30 8a e4 ed 4c 02 00 00
stack at sp + 3 slots: 0x0000000000000120 is an unknown value
stack at sp + 4 slots: 0x0000024cede48140 points into unknown readable memory: 0x0000024cede48a30 | 30 8a e4 ed 4c 02 00 00
stack at sp + 5 slots: 0x00007ff969a7cdf2 awt.dll
stack at sp + 6 slots: 0x00007ff969ada848 awt.dll
stack at sp + 7 slots: {method} {0x0000024cee23df48} 'initNativeScale' '(I)V' in 'sun/awt/Win32GraphicsDevice'


---------------  P R O C E S S  ---------------

Threads class SMR info:
_java_thread_list=0x0000024ceddf7800, length=20, elements={
0x0000024ced9d24f0, 0x0000024ced9d40b0, 0x0000024ced9d5ab0, 0x0000024ced9d6500,
0x0000024ced9d7f60, 0x0000024ced9d89b0, 0x0000024ced9d9ed0, 0x0000024ced9e0c10,
0x0000024cedb807a0, 0x0000024cedb8da40, 0x0000024cedb940e0, 0x0000024cedb98af0,
0x0000024cedb9a320, 0x0000024cede318f0, 0x0000024cede37020, 0x0000024cede53610,
0x0000024cede53c70, 0x0000024ccf52a670, 0x0000024cede32190, 0x0000024ccf506170
}

Java Threads: ( => current thread )
  0x0000024ced9d24f0 JavaThread "Reference Handler"          daemon [_thread_blocked, id=2324, stack(0x000000794ee00000,0x000000794ef00000) (1024K)]
  0x0000024ced9d40b0 JavaThread "Finalizer"                  daemon [_thread_blocked, id=11260, stack(0x000000794ef00000,0x000000794f000000) (1024K)]
  0x0000024ced9d5ab0 JavaThread "Signal Dispatcher"          daemon [_thread_blocked, id=10060, stack(0x000000794f000000,0x000000794f100000) (1024K)]
  0x0000024ced9d6500 JavaThread "Attach Listener"            daemon [_thread_blocked, id=11728, stack(0x000000794f100000,0x000000794f200000) (1024K)]
  0x0000024ced9d7f60 JavaThread "Service Thread"             daemon [_thread_blocked, id=11552, stack(0x000000794f200000,0x000000794f300000) (1024K)]
  0x0000024ced9d89b0 JavaThread "Monitor Deflation Thread"   daemon [_thread_blocked, id=10840, stack(0x000000794f300000,0x000000794f400000) (1024K)]
  0x0000024ced9d9ed0 JavaThread "C2 CompilerThread0"         daemon [_thread_blocked, id=1832, stack(0x000000794f400000,0x000000794f500000) (1024K)]
  0x0000024ced9e0c10 JavaThread "C1 CompilerThread0"         daemon [_thread_blocked, id=10348, stack(0x000000794f500000,0x000000794f600000) (1024K)]
  0x0000024cedb807a0 JavaThread "JDWP Transport Listener: dt_shmem" daemon [_thread_blocked, id=2420, stack(0x000000794f600000,0x000000794f700000) (1024K)]
  0x0000024cedb8da40 JavaThread "JDWP Event Helper Thread"   daemon [_thread_blocked, id=7108, stack(0x000000794f700000,0x000000794f800000) (1024K)]
  0x0000024cedb940e0 JavaThread "JDWP Command Reader"        daemon [_thread_in_native, id=4240, stack(0x000000794f800000,0x000000794f900000) (1024K)]
  0x0000024cedb98af0 JavaThread "Notification Thread"        daemon [_thread_blocked, id=9244, stack(0x000000794f900000,0x000000794fa00000) (1024K)]
  0x0000024cedb9a320 JavaThread "Common-Cleaner"             daemon [_thread_blocked, id=7280, stack(0x000000794fa00000,0x000000794fb00000) (1024K)]
  0x0000024cede318f0 JavaThread "Java2D Disposer"            daemon [_thread_blocked, id=6148, stack(0x000000794fb00000,0x000000794fc00000) (1024K)]
  0x0000024cede37020 JavaThread "AWT-Windows"                daemon [_thread_in_native, id=2400, stack(0x000000794fd00000,0x000000794fe00000) (1024K)]
  0x0000024cede53610 JavaThread "main"                              [_thread_blocked, id=9308, stack(0x000000794fe00000,0x000000794ff00000) (1024K)]
  0x0000024cede53c70 JavaThread "BlueJ worker thread"               [_thread_blocked, id=3168, stack(0x000000794ff00000,0x0000007950000000) (1024K)]
  0x0000024ccf52a670 JavaThread "DestroyJavaVM"                     [_thread_blocked, id=3084, stack(0x000000794e600000,0x000000794e700000) (1024K)]
  0x0000024cede32190 JavaThread "AWT-Shutdown"                      [_thread_blocked, id=2248, stack(0x000000794e300000,0x000000794e400000) (1024K)]
=>0x0000024ccf506170 JavaThread "AWT-EventQueue-0"                  [_thread_in_native, id=9736, stack(0x000000794e400000,0x000000794e500000) (1024K)]
Total: 20

Other Threads:
  0x0000024ced9b7f00 VMThread "VM Thread"                           [id=9008, stack(0x000000794ed00000,0x000000794ee00000) (1024K)]
  0x0000024ced9a5b10 WatcherThread "VM Periodic Task Thread"        [id=12008, stack(0x000000794ec00000,0x000000794ed00000) (1024K)]
  0x0000024cd17f9b10 WorkerThread "GC Thread#0"                     [id=7268, stack(0x000000794e700000,0x000000794e800000) (1024K)]
  0x0000024cd180b090 ConcurrentGCThread "G1 Main Marker"            [id=2404, stack(0x000000794e800000,0x000000794e900000) (1024K)]
  0x0000024cd180baa0 WorkerThread "G1 Conc#0"                       [id=8608, stack(0x000000794e900000,0x000000794ea00000) (1024K)]
  0x0000024cd187e610 ConcurrentGCThread "G1 Refine#0"               [id=11744, stack(0x000000794ea00000,0x000000794eb00000) (1024K)]
  0x0000024ced874220 ConcurrentGCThread "G1 Service"                [id=6916, stack(0x000000794eb00000,0x000000794ec00000) (1024K)]
Total: 7

Threads with active compile tasks:
Total: 0

VM state: not at safepoint (normal execution)

VM Mutex/Monitor currently owned by a thread: None

Heap address: 0x0000000084c00000, size: 1972 MB, Compressed Oops mode: 32-bit

CDS archive(s) mapped at: [0x0000024c80000000-0x0000024c80c80000-0x0000024c80c80000), size 13107200, SharedBaseAddress: 0x0000024c80000000, ArchiveRelocationMode: 1.
Compressed class space mapped at: 0x0000024c81000000-0x0000024cc1000000, reserved size: 1073741824
Narrow klass base: 0x0000024c80000000, Narrow klass shift: 0, Narrow klass range: 0x100000000

GC Precious Log:
 CardTable entry size: 512
 Card Set container configuration: InlinePtr #cards 5 size 8 Array Of Cards #cards 12 size 40 Howl #buckets 4 coarsen threshold 1843 Howl Bitmap #cards 512 size 80 coarsen threshold 460 Card regions per heap region 1 cards per card region 2048
 CPUs: 4 total, 4 available
 Memory: 7880M
 Large Page Support: Disabled
 NUMA Support: Disabled
 Compressed Oops: Enabled (32-bit)
 Heap Region Size: 1M
 Heap Min Capacity: 8M
 Heap Initial Capacity: 124M
 Heap Max Capacity: 1972M
 Pre-touch: Disabled
 Parallel Workers: 4
 Concurrent Workers: 1
 Concurrent Refinement Workers: 4
 Periodic GC: Disabled

Heap:
 garbage-first heap   total 126976K, used 5120K [0x0000000084c00000, 0x0000000100000000)
  region size 1024K, 6 young (6144K), 0 survivors (0K)
 Metaspace       used 2757K, committed 2880K, reserved 1114112K
  class space    used 252K, committed 320K, reserved 1048576K

Heap Regions: E=young(eden), S=young(survivor), O=old, HS=humongous(starts), HC=humongous(continues), CS=collection set, F=free, TAMS=top-at-mark-start, PB=parsable bottom
|   0|0x0000000084c00000, 0x0000000084c00000, 0x0000000084d00000|  0%| F|  |TAMS 0x0000000084c00000| PB 0x0000000084c00000| Untracked 
|   1|0x0000000084d00000, 0x0000000084d00000, 0x0000000084e00000|  0%| F|  |TAMS 0x0000000084d00000| PB 0x0000000084d00000| Untracked 
|   2|0x0000000084e00000, 0x0000000084e00000, 0x0000000084f00000|  0%| F|  |TAMS 0x0000000084e00000| PB 0x0000000084e00000| Untracked 
|   3|0x0000000084f00000, 0x0000000084f00000, 0x0000000085000000|  0%| F|  |TAMS 0x0000000084f00000| PB 0x0000000084f00000| Untracked 
|   4|0x0000000085000000, 0x0000000085000000, 0x0000000085100000|  0%| F|  |TAMS 0x0000000085000000| PB 0x0000000085000000| Untracked 
|   5|0x0000000085100000, 0x0000000085100000, 0x0000000085200000|  0%| F|  |TAMS 0x0000000085100000| PB 0x0000000085100000| Untracked 
|   6|0x0000000085200000, 0x0000000085200000, 0x0000000085300000|  0%| F|  |TAMS 0x0000000085200000| PB 0x0000000085200000| Untracked 
|   7|0x0000000085300000, 0x0000000085300000, 0x0000000085400000|  0%| F|  |TAMS 0x0000000085300000| PB 0x0000000085300000| Untracked 
|   8|0x0000000085400000, 0x0000000085400000, 0x0000000085500000|  0%| F|  |TAMS 0x0000000085400000| PB 0x0000000085400000| Untracked 
|   9|0x0000000085500000, 0x0000000085500000, 0x0000000085600000|  0%| F|  |TAMS 0x0000000085500000| PB 0x0000000085500000| Untracked 
|  10|0x0000000085600000, 0x0000000085600000, 0x0000000085700000|  0%| F|  |TAMS 0x0000000085600000| PB 0x0000000085600000| Untracked 
|  11|0x0000000085700000, 0x0000000085700000, 0x0000000085800000|  0%| F|  |TAMS 0x0000000085700000| PB 0x0000000085700000| Untracked 
|  12|0x0000000085800000, 0x0000000085800000, 0x0000000085900000|  0%| F|  |TAMS 0x0000000085800000| PB 0x0000000085800000| Untracked 
|  13|0x0000000085900000, 0x0000000085900000, 0x0000000085a00000|  0%| F|  |TAMS 0x0000000085900000| PB 0x0000000085900000| Untracked 
|  14|0x0000000085a00000, 0x0000000085a00000, 0x0000000085b00000|  0%| F|  |TAMS 0x0000000085a00000| PB 0x0000000085a00000| Untracked 
|  15|0x0000000085b00000, 0x0000000085b00000, 0x0000000085c00000|  0%| F|  |TAMS 0x0000000085b00000| PB 0x0000000085b00000| Untracked 
|  16|0x0000000085c00000, 0x0000000085c00000, 0x0000000085d00000|  0%| F|  |TAMS 0x0000000085c00000| PB 0x0000000085c00000| Untracked 
|  17|0x0000000085d00000, 0x0000000085d00000, 0x0000000085e00000|  0%| F|  |TAMS 0x0000000085d00000| PB 0x0000000085d00000| Untracked 
|  18|0x0000000085e00000, 0x0000000085e00000, 0x0000000085f00000|  0%| F|  |TAMS 0x0000000085e00000| PB 0x0000000085e00000| Untracked 
|  19|0x0000000085f00000, 0x0000000085f00000, 0x0000000086000000|  0%| F|  |TAMS 0x0000000085f00000| PB 0x0000000085f00000| Untracked 
|  20|0x0000000086000000, 0x0000000086000000, 0x0000000086100000|  0%| F|  |TAMS 0x0000000086000000| PB 0x0000000086000000| Untracked 
|  21|0x0000000086100000, 0x0000000086100000, 0x0000000086200000|  0%| F|  |TAMS 0x0000000086100000| PB 0x0000000086100000| Untracked 
|  22|0x0000000086200000, 0x0000000086200000, 0x0000000086300000|  0%| F|  |TAMS 0x0000000086200000| PB 0x0000000086200000| Untracked 
|  23|0x0000000086300000, 0x0000000086300000, 0x0000000086400000|  0%| F|  |TAMS 0x0000000086300000| PB 0x0000000086300000| Untracked 
|  24|0x0000000086400000, 0x0000000086400000, 0x0000000086500000|  0%| F|  |TAMS 0x0000000086400000| PB 0x0000000086400000| Untracked 
|  25|0x0000000086500000, 0x0000000086500000, 0x0000000086600000|  0%| F|  |TAMS 0x0000000086500000| PB 0x0000000086500000| Untracked 
|  26|0x0000000086600000, 0x0000000086600000, 0x0000000086700000|  0%| F|  |TAMS 0x0000000086600000| PB 0x0000000086600000| Untracked 
|  27|0x0000000086700000, 0x0000000086700000, 0x0000000086800000|  0%| F|  |TAMS 0x0000000086700000| PB 0x0000000086700000| Untracked 
|  28|0x0000000086800000, 0x0000000086800000, 0x0000000086900000|  0%| F|  |TAMS 0x0000000086800000| PB 0x0000000086800000| Untracked 
|  29|0x0000000086900000, 0x0000000086900000, 0x0000000086a00000|  0%| F|  |TAMS 0x0000000086900000| PB 0x0000000086900000| Untracked 
|  30|0x0000000086a00000, 0x0000000086a00000, 0x0000000086b00000|  0%| F|  |TAMS 0x0000000086a00000| PB 0x0000000086a00000| Untracked 
|  31|0x0000000086b00000, 0x0000000086b00000, 0x0000000086c00000|  0%| F|  |TAMS 0x0000000086b00000| PB 0x0000000086b00000| Untracked 
|  32|0x0000000086c00000, 0x0000000086c00000, 0x0000000086d00000|  0%| F|  |TAMS 0x0000000086c00000| PB 0x0000000086c00000| Untracked 
|  33|0x0000000086d00000, 0x0000000086d00000, 0x0000000086e00000|  0%| F|  |TAMS 0x0000000086d00000| PB 0x0000000086d00000| Untracked 
|  34|0x0000000086e00000, 0x0000000086e00000, 0x0000000086f00000|  0%| F|  |TAMS 0x0000000086e00000| PB 0x0000000086e00000| Untracked 
|  35|0x0000000086f00000, 0x0000000086f00000, 0x0000000087000000|  0%| F|  |TAMS 0x0000000086f00000| PB 0x0000000086f00000| Untracked 
|  36|0x0000000087000000, 0x0000000087000000, 0x0000000087100000|  0%| F|  |TAMS 0x0000000087000000| PB 0x0000000087000000| Untracked 
|  37|0x0000000087100000, 0x0000000087100000, 0x0000000087200000|  0%| F|  |TAMS 0x0000000087100000| PB 0x0000000087100000| Untracked 
|  38|0x0000000087200000, 0x0000000087200000, 0x0000000087300000|  0%| F|  |TAMS 0x0000000087200000| PB 0x0000000087200000| Untracked 
|  39|0x0000000087300000, 0x0000000087300000, 0x0000000087400000|  0%| F|  |TAMS 0x0000000087300000| PB 0x0000000087300000| Untracked 
|  40|0x0000000087400000, 0x0000000087400000, 0x0000000087500000|  0%| F|  |TAMS 0x0000000087400000| PB 0x0000000087400000| Untracked 
|  41|0x0000000087500000, 0x0000000087500000, 0x0000000087600000|  0%| F|  |TAMS 0x0000000087500000| PB 0x0000000087500000| Untracked 
|  42|0x0000000087600000, 0x0000000087600000, 0x0000000087700000|  0%| F|  |TAMS 0x0000000087600000| PB 0x0000000087600000| Untracked 
|  43|0x0000000087700000, 0x0000000087700000, 0x0000000087800000|  0%| F|  |TAMS 0x0000000087700000| PB 0x0000000087700000| Untracked 
|  44|0x0000000087800000, 0x0000000087800000, 0x0000000087900000|  0%| F|  |TAMS 0x0000000087800000| PB 0x0000000087800000| Untracked 
|  45|0x0000000087900000, 0x0000000087900000, 0x0000000087a00000|  0%| F|  |TAMS 0x0000000087900000| PB 0x0000000087900000| Untracked 
|  46|0x0000000087a00000, 0x0000000087a00000, 0x0000000087b00000|  0%| F|  |TAMS 0x0000000087a00000| PB 0x0000000087a00000| Untracked 
|  47|0x0000000087b00000, 0x0000000087b00000, 0x0000000087c00000|  0%| F|  |TAMS 0x0000000087b00000| PB 0x0000000087b00000| Untracked 
|  48|0x0000000087c00000, 0x0000000087c00000, 0x0000000087d00000|  0%| F|  |TAMS 0x0000000087c00000| PB 0x0000000087c00000| Untracked 
|  49|0x0000000087d00000, 0x0000000087d00000, 0x0000000087e00000|  0%| F|  |TAMS 0x0000000087d00000| PB 0x0000000087d00000| Untracked 
|  50|0x0000000087e00000, 0x0000000087e00000, 0x0000000087f00000|  0%| F|  |TAMS 0x0000000087e00000| PB 0x0000000087e00000| Untracked 
|  51|0x0000000087f00000, 0x0000000087f00000, 0x0000000088000000|  0%| F|  |TAMS 0x0000000087f00000| PB 0x0000000087f00000| Untracked 
|  52|0x0000000088000000, 0x0000000088000000, 0x0000000088100000|  0%| F|  |TAMS 0x0000000088000000| PB 0x0000000088000000| Untracked 
|  53|0x0000000088100000, 0x0000000088100000, 0x0000000088200000|  0%| F|  |TAMS 0x0000000088100000| PB 0x0000000088100000| Untracked 
|  54|0x0000000088200000, 0x0000000088200000, 0x0000000088300000|  0%| F|  |TAMS 0x0000000088200000| PB 0x0000000088200000| Untracked 
|  55|0x0000000088300000, 0x0000000088300000, 0x0000000088400000|  0%| F|  |TAMS 0x0000000088300000| PB 0x0000000088300000| Untracked 
|  56|0x0000000088400000, 0x0000000088400000, 0x0000000088500000|  0%| F|  |TAMS 0x0000000088400000| PB 0x0000000088400000| Untracked 
|  57|0x0000000088500000, 0x0000000088500000, 0x0000000088600000|  0%| F|  |TAMS 0x0000000088500000| PB 0x0000000088500000| Untracked 
|  58|0x0000000088600000, 0x0000000088600000, 0x0000000088700000|  0%| F|  |TAMS 0x0000000088600000| PB 0x0000000088600000| Untracked 
|  59|0x0000000088700000, 0x0000000088700000, 0x0000000088800000|  0%| F|  |TAMS 0x0000000088700000| PB 0x0000000088700000| Untracked 
|  60|0x0000000088800000, 0x0000000088800000, 0x0000000088900000|  0%| F|  |TAMS 0x0000000088800000| PB 0x0000000088800000| Untracked 
|  61|0x0000000088900000, 0x0000000088900000, 0x0000000088a00000|  0%| F|  |TAMS 0x0000000088900000| PB 0x0000000088900000| Untracked 
|  62|0x0000000088a00000, 0x0000000088a00000, 0x0000000088b00000|  0%| F|  |TAMS 0x0000000088a00000| PB 0x0000000088a00000| Untracked 
|  63|0x0000000088b00000, 0x0000000088b00000, 0x0000000088c00000|  0%| F|  |TAMS 0x0000000088b00000| PB 0x0000000088b00000| Untracked 
|  64|0x0000000088c00000, 0x0000000088c00000, 0x0000000088d00000|  0%| F|  |TAMS 0x0000000088c00000| PB 0x0000000088c00000| Untracked 
|  65|0x0000000088d00000, 0x0000000088d00000, 0x0000000088e00000|  0%| F|  |TAMS 0x0000000088d00000| PB 0x0000000088d00000| Untracked 
|  66|0x0000000088e00000, 0x0000000088e00000, 0x0000000088f00000|  0%| F|  |TAMS 0x0000000088e00000| PB 0x0000000088e00000| Untracked 
|  67|0x0000000088f00000, 0x0000000088f00000, 0x0000000089000000|  0%| F|  |TAMS 0x0000000088f00000| PB 0x0000000088f00000| Untracked 
|  68|0x0000000089000000, 0x0000000089000000, 0x0000000089100000|  0%| F|  |TAMS 0x0000000089000000| PB 0x0000000089000000| Untracked 
|  69|0x0000000089100000, 0x0000000089100000, 0x0000000089200000|  0%| F|  |TAMS 0x0000000089100000| PB 0x0000000089100000| Untracked 
|  70|0x0000000089200000, 0x0000000089200000, 0x0000000089300000|  0%| F|  |TAMS 0x0000000089200000| PB 0x0000000089200000| Untracked 
|  71|0x0000000089300000, 0x0000000089300000, 0x0000000089400000|  0%| F|  |TAMS 0x0000000089300000| PB 0x0000000089300000| Untracked 
|  72|0x0000000089400000, 0x0000000089400000, 0x0000000089500000|  0%| F|  |TAMS 0x0000000089400000| PB 0x0000000089400000| Untracked 
|  73|0x0000000089500000, 0x0000000089500000, 0x0000000089600000|  0%| F|  |TAMS 0x0000000089500000| PB 0x0000000089500000| Untracked 
|  74|0x0000000089600000, 0x0000000089600000, 0x0000000089700000|  0%| F|  |TAMS 0x0000000089600000| PB 0x0000000089600000| Untracked 
|  75|0x0000000089700000, 0x0000000089700000, 0x0000000089800000|  0%| F|  |TAMS 0x0000000089700000| PB 0x0000000089700000| Untracked 
|  76|0x0000000089800000, 0x0000000089800000, 0x0000000089900000|  0%| F|  |TAMS 0x0000000089800000| PB 0x0000000089800000| Untracked 
|  77|0x0000000089900000, 0x0000000089900000, 0x0000000089a00000|  0%| F|  |TAMS 0x0000000089900000| PB 0x0000000089900000| Untracked 
|  78|0x0000000089a00000, 0x0000000089a00000, 0x0000000089b00000|  0%| F|  |TAMS 0x0000000089a00000| PB 0x0000000089a00000| Untracked 
|  79|0x0000000089b00000, 0x0000000089b00000, 0x0000000089c00000|  0%| F|  |TAMS 0x0000000089b00000| PB 0x0000000089b00000| Untracked 
|  80|0x0000000089c00000, 0x0000000089c00000, 0x0000000089d00000|  0%| F|  |TAMS 0x0000000089c00000| PB 0x0000000089c00000| Untracked 
|  81|0x0000000089d00000, 0x0000000089d00000, 0x0000000089e00000|  0%| F|  |TAMS 0x0000000089d00000| PB 0x0000000089d00000| Untracked 
|  82|0x0000000089e00000, 0x0000000089e00000, 0x0000000089f00000|  0%| F|  |TAMS 0x0000000089e00000| PB 0x0000000089e00000| Untracked 
|  83|0x0000000089f00000, 0x0000000089f00000, 0x000000008a000000|  0%| F|  |TAMS 0x0000000089f00000| PB 0x0000000089f00000| Untracked 
|  84|0x000000008a000000, 0x000000008a000000, 0x000000008a100000|  0%| F|  |TAMS 0x000000008a000000| PB 0x000000008a000000| Untracked 
|  85|0x000000008a100000, 0x000000008a100000, 0x000000008a200000|  0%| F|  |TAMS 0x000000008a100000| PB 0x000000008a100000| Untracked 
|  86|0x000000008a200000, 0x000000008a200000, 0x000000008a300000|  0%| F|  |TAMS 0x000000008a200000| PB 0x000000008a200000| Untracked 
|  87|0x000000008a300000, 0x000000008a300000, 0x000000008a400000|  0%| F|  |TAMS 0x000000008a300000| PB 0x000000008a300000| Untracked 
|  88|0x000000008a400000, 0x000000008a400000, 0x000000008a500000|  0%| F|  |TAMS 0x000000008a400000| PB 0x000000008a400000| Untracked 
|  89|0x000000008a500000, 0x000000008a500000, 0x000000008a600000|  0%| F|  |TAMS 0x000000008a500000| PB 0x000000008a500000| Untracked 
|  90|0x000000008a600000, 0x000000008a600000, 0x000000008a700000|  0%| F|  |TAMS 0x000000008a600000| PB 0x000000008a600000| Untracked 
|  91|0x000000008a700000, 0x000000008a700000, 0x000000008a800000|  0%| F|  |TAMS 0x000000008a700000| PB 0x000000008a700000| Untracked 
|  92|0x000000008a800000, 0x000000008a800000, 0x000000008a900000|  0%| F|  |TAMS 0x000000008a800000| PB 0x000000008a800000| Untracked 
|  93|0x000000008a900000, 0x000000008a900000, 0x000000008aa00000|  0%| F|  |TAMS 0x000000008a900000| PB 0x000000008a900000| Untracked 
|  94|0x000000008aa00000, 0x000000008aa00000, 0x000000008ab00000|  0%| F|  |TAMS 0x000000008aa00000| PB 0x000000008aa00000| Untracked 
|  95|0x000000008ab00000, 0x000000008ab00000, 0x000000008ac00000|  0%| F|  |TAMS 0x000000008ab00000| PB 0x000000008ab00000| Untracked 
|  96|0x000000008ac00000, 0x000000008ac00000, 0x000000008ad00000|  0%| F|  |TAMS 0x000000008ac00000| PB 0x000000008ac00000| Untracked 
|  97|0x000000008ad00000, 0x000000008ad00000, 0x000000008ae00000|  0%| F|  |TAMS 0x000000008ad00000| PB 0x000000008ad00000| Untracked 
|  98|0x000000008ae00000, 0x000000008ae00000, 0x000000008af00000|  0%| F|  |TAMS 0x000000008ae00000| PB 0x000000008ae00000| Untracked 
|  99|0x000000008af00000, 0x000000008af00000, 0x000000008b000000|  0%| F|  |TAMS 0x000000008af00000| PB 0x000000008af00000| Untracked 
| 100|0x000000008b000000, 0x000000008b000000, 0x000000008b100000|  0%| F|  |TAMS 0x000000008b000000| PB 0x000000008b000000| Untracked 
| 101|0x000000008b100000, 0x000000008b100000, 0x000000008b200000|  0%| F|  |TAMS 0x000000008b100000| PB 0x000000008b100000| Untracked 
| 102|0x000000008b200000, 0x000000008b200000, 0x000000008b300000|  0%| F|  |TAMS 0x000000008b200000| PB 0x000000008b200000| Untracked 
| 103|0x000000008b300000, 0x000000008b300000, 0x000000008b400000|  0%| F|  |TAMS 0x000000008b300000| PB 0x000000008b300000| Untracked 
| 104|0x000000008b400000, 0x000000008b400000, 0x000000008b500000|  0%| F|  |TAMS 0x000000008b400000| PB 0x000000008b400000| Untracked 
| 105|0x000000008b500000, 0x000000008b500000, 0x000000008b600000|  0%| F|  |TAMS 0x000000008b500000| PB 0x000000008b500000| Untracked 
| 106|0x000000008b600000, 0x000000008b600000, 0x000000008b700000|  0%| F|  |TAMS 0x000000008b600000| PB 0x000000008b600000| Untracked 
| 107|0x000000008b700000, 0x000000008b700000, 0x000000008b800000|  0%| F|  |TAMS 0x000000008b700000| PB 0x000000008b700000| Untracked 
| 108|0x000000008b800000, 0x000000008b800000, 0x000000008b900000|  0%| F|  |TAMS 0x000000008b800000| PB 0x000000008b800000| Untracked 
| 109|0x000000008b900000, 0x000000008b900000, 0x000000008ba00000|  0%| F|  |TAMS 0x000000008b900000| PB 0x000000008b900000| Untracked 
| 110|0x000000008ba00000, 0x000000008ba00000, 0x000000008bb00000|  0%| F|  |TAMS 0x000000008ba00000| PB 0x000000008ba00000| Untracked 
| 111|0x000000008bb00000, 0x000000008bb00000, 0x000000008bc00000|  0%| F|  |TAMS 0x000000008bb00000| PB 0x000000008bb00000| Untracked 
| 112|0x000000008bc00000, 0x000000008bc00000, 0x000000008bd00000|  0%| F|  |TAMS 0x000000008bc00000| PB 0x000000008bc00000| Untracked 
| 113|0x000000008bd00000, 0x000000008bd00000, 0x000000008be00000|  0%| F|  |TAMS 0x000000008bd00000| PB 0x000000008bd00000| Untracked 
| 114|0x000000008be00000, 0x000000008be00000, 0x000000008bf00000|  0%| F|  |TAMS 0x000000008be00000| PB 0x000000008be00000| Untracked 
| 115|0x000000008bf00000, 0x000000008bf00000, 0x000000008c000000|  0%| F|  |TAMS 0x000000008bf00000| PB 0x000000008bf00000| Untracked 
| 116|0x000000008c000000, 0x000000008c000000, 0x000000008c100000|  0%| F|  |TAMS 0x000000008c000000| PB 0x000000008c000000| Untracked 
| 117|0x000000008c100000, 0x000000008c100000, 0x000000008c200000|  0%| F|  |TAMS 0x000000008c100000| PB 0x000000008c100000| Untracked 
| 118|0x000000008c200000, 0x000000008c300000, 0x000000008c300000|100%| E|  |TAMS 0x000000008c200000| PB 0x000000008c200000| Complete 
| 119|0x000000008c300000, 0x000000008c400000, 0x000000008c400000|100%| E|CS|TAMS 0x000000008c300000| PB 0x000000008c300000| Complete 
| 120|0x000000008c400000, 0x000000008c500000, 0x000000008c500000|100%| E|CS|TAMS 0x000000008c400000| PB 0x000000008c400000| Complete 
| 121|0x000000008c500000, 0x000000008c600000, 0x000000008c600000|100%| E|CS|TAMS 0x000000008c500000| PB 0x000000008c500000| Complete 
| 122|0x000000008c600000, 0x000000008c700000, 0x000000008c700000|100%| E|CS|TAMS 0x000000008c600000| PB 0x000000008c600000| Complete 
| 123|0x000000008c700000, 0x000000008c800000, 0x000000008c800000|100%| E|CS|TAMS 0x000000008c700000| PB 0x000000008c700000| Complete 

Card table byte_map: [0x0000024ce9280000,0x0000024ce9660000] _byte_map_base: 0x0000024ce8e5a000

Marking Bits: (CMBitMap*) 0x0000024cd17fb130
 Bits: [0x0000024ce9660000, 0x0000024ceb530000)

Polling page: 0x0000024ccf7a0000

Metaspace:

Usage:
  Non-class:      2.45 MB used.
      Class:    252.25 KB used.
       Both:      2.69 MB used.

Virtual space:
  Non-class space:       64.00 MB reserved,       2.50 MB (  4%) committed,  1 nodes.
      Class space:        1.00 GB reserved,     320.00 KB ( <1%) committed,  1 nodes.
             Both:        1.06 GB reserved,       2.81 MB ( <1%) committed. 

Chunk freelists:
   Non-Class:  11.88 MB
       Class:  15.70 MB
        Both:  27.58 MB

MaxMetaspaceSize: unlimited
CompressedClassSpaceSize: 1.00 GB
Initial GC threshold: 21.00 MB
Current GC threshold: 21.00 MB
CDS: on
 - commit_granule_bytes: 65536.
 - commit_granule_words: 8192.
 - virtual_space_node_default_size: 8388608.
 - enlarge_chunks_in_place: 1.
 - use_allocation_guard: 0.


Internal statistics:

num_allocs_failed_limit: 0.
num_arena_births: 90.
num_arena_deaths: 0.
num_vsnodes_births: 2.
num_vsnodes_deaths: 0.
num_space_committed: 45.
num_space_uncommitted: 0.
num_chunks_returned_to_freelist: 0.
num_chunks_taken_from_freelist: 107.
num_chunk_merges: 0.
num_chunk_splits: 69.
num_chunks_enlarged: 32.
num_inconsistent_stats: 0.

CodeHeap 'non-profiled nmethods': size=120000Kb used=149Kb max_used=149Kb free=119850Kb
 bounds [0x0000024ce1970000, 0x0000024ce1be0000, 0x0000024ce8ea0000]
CodeHeap 'profiled nmethods': size=120000Kb used=566Kb max_used=566Kb free=119433Kb
 bounds [0x0000024cd9ea0000, 0x0000024cda110000, 0x0000024ce13d0000]
CodeHeap 'non-nmethods': size=5760Kb used=1590Kb max_used=1590Kb free=4169Kb
 bounds [0x0000024ce13d0000, 0x0000024ce1640000, 0x0000024ce1970000]
 total_blobs=893 nmethods=409 adapters=389
 compilation: enabled
              stopped_count=0, restarted_count=0
 full_count=0

Compilation events (20 events):
Event: 3.557 Thread 0x0000024ced9e0c10  396       3       java.lang.Class::getName (18 bytes)
Event: 3.557 Thread 0x0000024ced9e0c10 nmethod 396 0x0000024cd9f28c90 code [0x0000024cd9f28e40, 0x0000024cd9f28fd8]
Event: 3.559 Thread 0x0000024ced9e0c10  398       3       java.lang.invoke.MemberName::getInvocationType (56 bytes)
Event: 3.559 Thread 0x0000024ced9e0c10 nmethod 398 0x0000024cd9f29090 code [0x0000024cd9f292c0, 0x0000024cd9f29b28]
Event: 3.559 Thread 0x0000024ced9e0c10  399       1       java.lang.Class::getModule (5 bytes)
Event: 3.559 Thread 0x0000024ced9e0c10 nmethod 399 0x0000024ce1994690 code [0x0000024ce1994820, 0x0000024ce19948e8]
Event: 3.622 Thread 0x0000024ced9e0c10  402       3       java.lang.String::startsWith (123 bytes)
Event: 3.623 Thread 0x0000024ced9e0c10 nmethod 402 0x0000024cd9f29d90 code [0x0000024cd9f29fc0, 0x0000024cd9f2a768]
Event: 3.623 Thread 0x0000024ced9e0c10  401       1       java.net.URL::getHost (5 bytes)
Event: 3.623 Thread 0x0000024ced9e0c10 nmethod 401 0x0000024ce1994c90 code [0x0000024ce1994e20, 0x0000024ce1994ee8]
Event: 3.623 Thread 0x0000024ced9e0c10  403       3       java.lang.String::startsWith (7 bytes)
Event: 3.623 Thread 0x0000024ced9e0c10 nmethod 403 0x0000024cd9f2aa10 code [0x0000024cd9f2abc0, 0x0000024cd9f2ad18]
Event: 233.413 Thread 0x0000024ced9e0c10  406       3       java.util.HashMap::isEmpty (13 bytes)
Event: 233.413 Thread 0x0000024ced9e0c10 nmethod 406 0x0000024cd9f2ae10 code [0x0000024cd9f2afa0, 0x0000024cd9f2b100]
Event: 233.414 Thread 0x0000024ced9e0c10  407       3       java.lang.invoke.MethodHandle::<init> (37 bytes)
Event: 233.415 Thread 0x0000024ced9e0c10 nmethod 407 0x0000024cd9f2b190 code [0x0000024cd9f2b3c0, 0x0000024cd9f2b950]
Event: 233.415 Thread 0x0000024ced9e0c10  409       3       java.util.concurrent.ConcurrentHashMap$Traverser::advance (188 bytes)
Event: 233.416 Thread 0x0000024ced9e0c10 nmethod 409 0x0000024cd9f2bc10 code [0x0000024cd9f2be60, 0x0000024cd9f2c9d0]
Event: 233.417 Thread 0x0000024ced9e0c10  408       3       java.lang.invoke.LambdaForm::prepare (108 bytes)
Event: 233.418 Thread 0x0000024ced9e0c10 nmethod 408 0x0000024cd9f2cc90 code [0x0000024cd9f2cee0, 0x0000024cd9f2d6c8]

GC Heap History (0 events):
No events

Dll operation events (7 events):
Event: 0.016 Loaded shared library C:\Program Files\BlueJ\jdk\bin\java.dll
Event: 0.060 Loaded shared library C:\Program Files\BlueJ\jdk\bin\jsvml.dll
Event: 1.493 Loaded shared library C:\Program Files\BlueJ\jdk\bin\net.dll
Event: 1.497 Loaded shared library C:\Program Files\BlueJ\jdk\bin\nio.dll
Event: 1.632 Loaded shared library C:\Program Files\BlueJ\jdk\bin\zip.dll
Event: 2.514 Loaded shared library C:\Program Files\BlueJ\jdk\bin\jimage.dll
Event: 2.691 Loaded shared library C:\Program Files\BlueJ\jdk\bin\awt.dll

Deoptimization events (4 events):
Event: 1.919 Thread 0x0000024ccf52a670 Uncommon trap: trap_request=0xffffff45 fr.pc=0x0000024ce19794e0 relative=0x00000000000009c0
Event: 1.919 Thread 0x0000024ccf52a670 Uncommon trap: reason=unstable_if action=reinterpret pc=0x0000024ce19794e0 method=java.util.zip.ZipFile$Source.checkAndAddEntry(II)I @ 128 c2
Event: 1.919 Thread 0x0000024ccf52a670 DEOPT PACKING pc=0x0000024ce19794e0 sp=0x000000794e6fa0e0
Event: 1.919 Thread 0x0000024ccf52a670 DEOPT UNPACKING pc=0x0000024ce1427da2 sp=0x000000794e6fa070 mode 2

Classes loaded (20 events):
Event: 233.415 Loading class sun/awt/Win32GraphicsConfig
Event: 233.415 Loading class sun/awt/image/SurfaceManager$ProxiedGraphicsConfig
Event: 233.415 Loading class sun/awt/image/SurfaceManager$ProxiedGraphicsConfig done
Event: 233.415 Loading class java/awt/GraphicsConfiguration
Event: 233.415 Loading class java/awt/GraphicsConfiguration done
Event: 233.415 Loading class sun/awt/Win32GraphicsConfig done
Event: 233.416 Loading class java/awt/Rectangle
Event: 233.416 Loading class java/awt/Shape
Event: 233.416 Loading class java/awt/Shape done
Event: 233.416 Loading class java/awt/geom/Rectangle2D
Event: 233.416 Loading class java/awt/geom/RectangularShape
Event: 233.416 Loading class java/awt/geom/RectangularShape done
Event: 233.416 Loading class java/awt/geom/Rectangle2D done
Event: 233.417 Loading class java/awt/Rectangle done
Event: 233.417 Loading class java/util/WeakHashMap$KeyIterator
Event: 233.417 Loading class java/util/WeakHashMap$HashIterator
Event: 233.418 Loading class java/util/WeakHashMap$HashIterator done
Event: 233.418 Loading class java/util/WeakHashMap$KeyIterator done
Event: 233.642 Loading class java/util/ArrayList$ListItr
Event: 233.642 Loading class java/util/ArrayList$ListItr done

Classes unloaded (0 events):
No events

Classes redefined (0 events):
No events

Internal exceptions (3 events):
Event: 2.329 Thread 0x0000024ccf52a670 Exception <a 'java/lang/ClassNotFoundException'{0x000000008c425940}: sun/awt/resources/spi/awtProvider> (0x000000008c425940) 
thrown [s\src\hotspot\share\classfile\systemDictionary.cpp, line 312]
Event: 2.928 Thread 0x0000024ccf52a670 Exception <a 'java/io/FileNotFoundException'{0x000000008c488d18}> (0x000000008c488d18) 
thrown [s\src\hotspot\share\prims\jni.cpp, line 520]
Event: 2.974 Thread 0x0000024ccf52a670 Exception <a 'java/io/FileNotFoundException'{0x000000008c4b3720}> (0x000000008c4b3720) 
thrown [s\src\hotspot\share\prims\jni.cpp, line 520]

ZGC Phase Switch (0 events):
No events

VM Operations (20 events):
Event: 1.056 Executing VM operation: Cleanup
Event: 1.056 Executing VM operation: Cleanup done
Event: 1.730 Executing VM operation: HandshakeAllThreads (Deoptimize)
Event: 1.730 Executing VM operation: HandshakeAllThreads (Deoptimize) done
Event: 2.112 Executing VM operation: ChangeBreakpoints
Event: 2.112 Executing VM operation: ChangeBreakpoints done
Event: 2.114 Executing VM operation: ChangeBreakpoints
Event: 2.114 Executing VM operation: ChangeBreakpoints done
Event: 2.115 Executing VM operation: ChangeBreakpoints
Event: 2.115 Executing VM operation: ChangeBreakpoints done
Event: 3.124 Executing VM operation: Cleanup
Event: 3.125 Executing VM operation: Cleanup done
Event: 4.588 Executing VM operation: HandshakeAllThreads (Deoptimize)
Event: 4.588 Executing VM operation: HandshakeAllThreads (Deoptimize) done
Event: 60.211 Executing VM operation: HandshakeAllThreads (HandshakeForDeflation)
Event: 60.211 Executing VM operation: HandshakeAllThreads (HandshakeForDeflation) done
Event: 60.211 Executing VM operation: RendezvousGCThreads
Event: 60.211 Executing VM operation: RendezvousGCThreads done
Event: 233.633 Executing VM operation: Cleanup
Event: 233.633 Executing VM operation: Cleanup done

Memory protections (0 events):
No events

Nmethod flushes (0 events):
No events

Events (20 events):
Event: 0.056 Thread 0x0000024ccf52a670 Thread added: 0x0000024ced9d89b0
Event: 0.056 Thread 0x0000024ccf52a670 Thread added: 0x0000024ced9d9ed0
Event: 0.059 Thread 0x0000024ccf52a670 Thread added: 0x0000024ced9e0c10
Event: 0.380 Thread 0x0000024ccf52a670 Thread added: 0x0000024cedb807a0
Event: 0.381 Thread 0x0000024ccf52a670 Thread added: 0x0000024cedb8da40
Event: 0.426 Thread 0x0000024cedb807a0 Thread added: 0x0000024cedb940e0
Event: 0.863 Thread 0x0000024ccf52a670 Thread added: 0x0000024cedb98af0
Event: 1.419 Thread 0x0000024ccf52a670 Thread added: 0x0000024cedb9a320
Event: 3.308 Thread 0x0000024ccf52a670 Thread added: 0x0000024cede318f0
Event: 3.336 Thread 0x0000024ccf52a670 Thread added: 0x0000024cede32190
Event: 3.438 Thread 0x0000024ccf52a670 Thread added: 0x0000024cede37020
Event: 3.562 Thread 0x0000024ccf52a670 Thread added: 0x0000024cede53610
Event: 3.563 Thread 0x0000024ccf52a670 Thread added: 0x0000024cede53c70
Event: 3.563 Thread 0x0000024ccf52a670 Thread exited: 0x0000024ccf52a670
Event: 3.563 Thread 0x0000024ccf52a670 Thread added: 0x0000024ccf52a670
Event: 4.590 Thread 0x0000024cede32190 Thread exited: 0x0000024cede32190
Event: 23.888 Thread 0x0000024cede37020 Thread added: 0x0000024cede32190
Event: 25.095 Thread 0x0000024cede32190 Thread exited: 0x0000024cede32190
Event: 231.821 Thread 0x0000024cede37020 Thread added: 0x0000024cede32190
Event: 233.294 Thread 0x0000024cede37020 Thread added: 0x0000024ccf506170


Dynamic libraries:
0x00007ff78d5a0000 - 0x00007ff78d5ae000 	C:\Program Files\BlueJ\jdk\bin\java.exe
0x00007ff9cee30000 - 0x00007ff9cf025000 	C:\windows\SYSTEM32\ntdll.dll
0x00007ff9ccec0000 - 0x00007ff9ccf7e000 	C:\windows\System32\KERNEL32.DLL
0x00007ff9ccaf0000 - 0x00007ff9ccdb9000 	C:\windows\System32\KERNELBASE.dll
0x00007ff9cc640000 - 0x00007ff9cc740000 	C:\windows\System32\ucrtbase.dll
0x00007ff9953e0000 - 0x00007ff9953f8000 	C:\Program Files\BlueJ\jdk\bin\jli.dll
0x00007ff9cd030000 - 0x00007ff9cd1d1000 	C:\windows\System32\USER32.dll
0x00007ff9ccdc0000 - 0x00007ff9ccde2000 	C:\windows\System32\win32u.dll
0x00007ff9cce90000 - 0x00007ff9ccebb000 	C:\windows\System32\GDI32.dll
0x00007ff9cc770000 - 0x00007ff9cc87b000 	C:\windows\System32\gdi32full.dll
0x00007ff9cc5a0000 - 0x00007ff9cc63d000 	C:\windows\System32\msvcp_win.dll
0x00007ff9b7090000 - 0x00007ff9b732a000 	C:\windows\WinSxS\amd64_microsoft.windows.common-controls_6595b64144ccf1df_6.0.19041.1110_none_60b5254171f9507e\COMCTL32.dll
0x00007ff9ce3f0000 - 0x00007ff9ce48e000 	C:\windows\System32\msvcrt.dll
0x00007ff995340000 - 0x00007ff99535e000 	C:\Program Files\BlueJ\jdk\bin\VCRUNTIME140.dll
0x00007ff9cd590000 - 0x00007ff9cd5c0000 	C:\windows\System32\IMM32.DLL
0x00007ff9b1d30000 - 0x00007ff9b1d3c000 	C:\Program Files\BlueJ\jdk\bin\vcruntime140_1.dll
0x00007ff9700b0000 - 0x00007ff97013d000 	C:\Program Files\BlueJ\jdk\bin\msvcp140.dll
0x00007ff96b2d0000 - 0x00007ff96c060000 	C:\Program Files\BlueJ\jdk\bin\server\jvm.dll
0x00007ff9ccf80000 - 0x00007ff9cd02c000 	C:\windows\System32\ADVAPI32.dll
0x00007ff9ce4f0000 - 0x00007ff9ce58b000 	C:\windows\System32\sechost.dll
0x00007ff9cddd0000 - 0x00007ff9cdefa000 	C:\windows\System32\RPCRT4.dll
0x00007ff9cdf60000 - 0x00007ff9cdfcb000 	C:\windows\System32\WS2_32.dll
0x00007ff9cc3c0000 - 0x00007ff9cc40b000 	C:\windows\SYSTEM32\POWRPROF.dll
0x00007ff9b12e0000 - 0x00007ff9b1307000 	C:\windows\SYSTEM32\WINMM.dll
0x00007ff9c58d0000 - 0x00007ff9c58da000 	C:\windows\SYSTEM32\VERSION.dll
0x00007ff9cc3a0000 - 0x00007ff9cc3b2000 	C:\windows\SYSTEM32\UMPDC.dll
0x00007ff9cadd0000 - 0x00007ff9cade2000 	C:\windows\SYSTEM32\kernel.appcore.dll
0x00007ff99ad70000 - 0x00007ff99ad7a000 	C:\Program Files\BlueJ\jdk\bin\jimage.dll
0x00007ff9caae0000 - 0x00007ff9cacc4000 	C:\windows\SYSTEM32\DBGHELP.DLL
0x00007ff9b7e20000 - 0x00007ff9b7e4c000 	C:\windows\SYSTEM32\dbgcore.DLL
0x00007ff9ccdf0000 - 0x00007ff9cce73000 	C:\windows\System32\bcryptPrimitives.dll
0x00007ff99bed0000 - 0x00007ff99bf0c000 	C:\Program Files\BlueJ\jdk\bin\jdwp.dll
0x00007ff994140000 - 0x00007ff99415f000 	C:\Program Files\BlueJ\jdk\bin\java.dll
0x00007ff9cd5e0000 - 0x00007ff9cdd1f000 	C:\windows\System32\SHELL32.dll
0x00007ff9ca280000 - 0x00007ff9caa10000 	C:\windows\SYSTEM32\windows.storage.dll
0x00007ff9cea90000 - 0x00007ff9cede5000 	C:\windows\System32\combase.dll
0x00007ff9cbed0000 - 0x00007ff9cbefc000 	C:\windows\SYSTEM32\Wldp.dll
0x00007ff9cdd20000 - 0x00007ff9cddce000 	C:\windows\System32\SHCORE.dll
0x00007ff9cdfe0000 - 0x00007ff9ce035000 	C:\windows\System32\shlwapi.dll
0x00007ff9cc490000 - 0x00007ff9cc4af000 	C:\windows\SYSTEM32\profapi.dll
0x00007ff96b1f0000 - 0x00007ff96b2c7000 	C:\Program Files\BlueJ\jdk\bin\jsvml.dll
0x00007ff9c7920000 - 0x00007ff9c792b000 	C:\Program Files\BlueJ\jdk\bin\dt_shmem.dll
0x00007ff99ac50000 - 0x00007ff99ac60000 	C:\Program Files\BlueJ\jdk\bin\net.dll
0x00007ff9b92b0000 - 0x00007ff9b93b8000 	C:\windows\SYSTEM32\WINHTTP.dll
0x00007ff9cbc30000 - 0x00007ff9cbc9a000 	C:\windows\system32\mswsock.dll
0x00007ff9939e0000 - 0x00007ff9939f6000 	C:\Program Files\BlueJ\jdk\bin\nio.dll
0x00007ff9939c0000 - 0x00007ff9939d8000 	C:\Program Files\BlueJ\jdk\bin\zip.dll
0x00007ff9699a0000 - 0x00007ff969b2e000 	C:\Program Files\BlueJ\jdk\bin\awt.dll
0x00007ff9cd430000 - 0x00007ff9cd4fd000 	C:\windows\System32\OLEAUT32.dll
0x00007ff9c9a40000 - 0x00007ff9c9ad0000 	C:\windows\SYSTEM32\apphelp.dll
0x00007ff9c9be0000 - 0x00007ff9c9c7e000 	C:\windows\system32\uxtheme.dll
0x00007ff9ce2d0000 - 0x00007ff9ce3e5000 	C:\windows\System32\MSCTF.dll
0x00007ff9cd2f0000 - 0x00007ff9cd41a000 	C:\windows\System32\ole32.dll
0x00007ff9c9f90000 - 0x00007ff9c9fbf000 	C:\windows\system32\DWMAPI.DLL
0x00007ff9aac30000 - 0x00007ff9aad55000 	C:\windows\system32\opengl32.dll
0x00007ff9acab0000 - 0x00007ff9acadc000 	C:\windows\SYSTEM32\GLU32.dll
0x00007ff9c0210000 - 0x00007ff9c024b000 	C:\windows\SYSTEM32\dxcore.dll
0x00007ff9cc550000 - 0x00007ff9cc59e000 	C:\windows\System32\cfgmgr32.dll

dbghelp: loaded successfully - version: 4.0.5 - missing functions: none
symbol engine: initialized successfully - sym options: 0x614 - pdb path: .;C:\Program Files\BlueJ\jdk\bin;C:\windows\SYSTEM32;C:\windows\WinSxS\amd64_microsoft.windows.common-controls_6595b64144ccf1df_6.0.19041.1110_none_60b5254171f9507e;C:\Program Files\BlueJ\jdk\bin\server

VM Arguments:
jvm_args: -ea -agentlib:jdwp=transport=dt_shmem,address=javadebug -Dfile.encoding=UTF-8 
java_command: bluej.runtime.ExecServer UTF-8
java_class_path (initial): C:\Program Files\BlueJ\lib\bluejcore.jar;C:\Program Files\BlueJ\lib\javafx-base-23.0.2-win.jar;C:\Program Files\BlueJ\lib\javafx-controls-23.0.2-win.jar;C:\Program Files\BlueJ\lib\javafx-fxml-23.0.2-win.jar;C:\Program Files\BlueJ\lib\javafx-graphics-23.0.2-win.jar;C:\Program Files\BlueJ\lib\javafx-media-23.0.2-win.jar;C:\Program Files\BlueJ\lib\javafx-swing-23.0.2-win.jar;C:\Program Files\BlueJ\lib\javafx-web-23.0.2-win.jar;C:\Program Files\BlueJ\lib\junit-4.12.jar;C:\Program Files\BlueJ\lib\junit-jupiter-5.5.2.jar;C:\Program Files\BlueJ\lib\junit-jupiter-api-5.5.2.jar;C:\Program Files\BlueJ\lib\junit-jupiter-engine-5.5.2.jar;C:\Program Files\BlueJ\lib\junit-jupiter-params-5.5.2.jar;C:\Program Files\BlueJ\lib\junit-platform-commons-1.5.2.jar;C:\Program Files\BlueJ\lib\junit-platform-engine-1.5.2.jar;C:\Program Files\BlueJ\lib\junit-platform-launcher-1.5.2.jar;C:\Program Files\BlueJ\lib\junit-platform-suite-api-1.5.2.jar;C:\Program Files\BlueJ\lib\junit-vintage-engine-5.5.2.jar;C:\Program Files\BlueJ\lib\hamcrest-core-1.3.jar;C:\Program Files\BlueJ\lib\opentest4j-1.2.0.jar;C:\Program Files\BlueJ\lib\lang-stride.jar;C:\Program Files\BlueJ\lib\javafx\javafx.base.jar;C:\Program Files\BlueJ\lib\javafx\javafx.controls.jar;C:\Program Files\BlueJ\lib\javafx\javafx.fxml.jar;C:\Program Files\BlueJ\lib\javafx\javafx.graphics.jar;C:\Program Files\BlueJ\lib\javafx\javafx.media.jar;C:\Program Files\BlueJ\lib\javafx\javafx.properties.jar;C:\Program Files\BlueJ\lib\javafx\javafx.swing.jar;C:\Program Files\BlueJ\lib\javafx\javafx.web.jar
Launcher Type: SUN_STANDARD

[Global flags]
     intx CICompilerCount                          = 3                                         {product} {ergonomic}
     uint ConcGCThreads                            = 1                                         {product} {ergonomic}
     uint G1ConcRefinementThreads                  = 4                                         {product} {ergonomic}
   size_t G1HeapRegionSize                         = 1048576                                   {product} {ergonomic}
    uintx GCDrainStackTargetSize                   = 64                                        {product} {ergonomic}
   size_t InitialHeapSize                          = 130023424                                 {product} {ergonomic}
   size_t MarkStackSize                            = 4194304                                   {product} {ergonomic}
   size_t MaxHeapSize                              = 2067791872                                {product} {ergonomic}
   size_t MaxNewSize                               = 1240465408                                {product} {ergonomic}
   size_t MinHeapDeltaBytes                        = 1048576                                   {product} {ergonomic}
   size_t MinHeapSize                              = 8388608                                   {product} {ergonomic}
    uintx NonNMethodCodeHeapSize                   = 5832780                                {pd product} {ergonomic}
    uintx NonProfiledCodeHeapSize                  = 122912730                              {pd product} {ergonomic}
    uintx ProfiledCodeHeapSize                     = 122912730                              {pd product} {ergonomic}
    uintx ReservedCodeCacheSize                    = 251658240                              {pd product} {ergonomic}
     bool SegmentedCodeCache                       = true                                      {product} {ergonomic}
   size_t SoftMaxHeapSize                          = 2067791872                             {manageable} {ergonomic}
     bool UseCompressedOops                        = true                           {product lp64_product} {ergonomic}
     bool UseG1GC                                  = true                                      {product} {ergonomic}
     bool UseLargePagesIndividualAllocation        = false                                  {pd product} {ergonomic}

Logging:
Log output configuration:
 #0: stdout all=warning uptime,level,tags foldmultilines=false
 #1: stderr all=off uptime,level,tags foldmultilines=false

Environment Variables:
PATH=C:\windows\system32;C:\windows;C:\windows\System32\Wbem;C:\windows\System32\WindowsPowerShell\v1.0\;C:\windows\System32\OpenSSH\;C:\Program Files\Git\cmd;C:\Users\Junior\AppData\Local\Microsoft\WindowsApps;
USERNAME=Junior
OS=Windows_NT
PROCESSOR_IDENTIFIER=Intel64 Family 6 Model 126 Stepping 5, GenuineIntel
TMP=C:\Users\Junior\AppData\Local\Temp
TEMP=C:\Users\Junior\AppData\Local\Temp




Periodic native trim disabled

---------------  S Y S T E M  ---------------

OS:
 Windows 10 , 64 bit Build 19041 (10.0.19041.1202)
OS uptime: 0 days 0:16 hours

CPU: total 4 (initial active 4) (2 cores per cpu, 2 threads per core) family 6 model 126 stepping 5 microcode 0xa0, cx8, cmov, fxsr, ht, mmx, 3dnowpref, sse, sse2, sse3, ssse3, sse4.1, sse4.2, popcnt, lzcnt, tsc, tscinvbit, avx, avx2, aes, erms, clmul, bmi1, bmi2, adx, avx512f, avx512dq, avx512cd, avx512bw, avx512vl, sha, fma, vzeroupper, avx512_vpopcntdq, avx512_vpclmulqdq, avx512_vaes, avx512_vnni, clflush, clflushopt, avx512_vbmi2, avx512_vbmi, rdtscp, rdpid, fsrm, gfni, avx512_bitalg, f16c, pku, avx512_ifma
Processor Information for the first 4 processors :
  Max Mhz: 1190, Current Mhz: 1190, Mhz Limit: 1190

Memory: 4k page, system-wide physical 7880M (3162M free)
TotalPageFile size 9800M (AvailPageFile size 4712M)
current process WorkingSet (physical memory assigned to process): 46M, peak: 46M
current process commit charge ("private bytes"): 201M, peak: 201M

vm_info: OpenJDK 64-Bit Server VM (21.0.6+7-LTS) for windows-amd64 JRE (21.0.6+7-LTS), built on 2025-01-21T00:00:00Z by "admin" with MS VC++ 17.7 (VS2022)

END.
